<?xml version="1.0" encoding="UTF-8"?>
<!-- Generated by org.testng.reporters.JUnitXMLReporter -->
<testsuite hostname="DESKTOP-KQN3F0G" ignored="0" name="addStaff" tests="63" failures="1" timestamp="24 Feb 2019 10:54:42 GMT" time="108.348" errors="0">
  <testcase name="addStaffs_01" time="1.131" classname="testSelenium.testStaffs"/>
  <testcase name="addStaffs_02" time="1.122" classname="testSelenium.testStaffs"/>
  <testcase name="addStaffs_03" time="1.132" classname="testSelenium.testStaffs"/>
  <testcase name="addStaffs_04" time="1.153" classname="testSelenium.testStaffs"/>
  <testcase name="addStaffs_05" time="1.16" classname="testSelenium.testStaffs"/>
  <testcase name="addStaffs_06" time="1.159" classname="testSelenium.testStaffs"/>
  <testcase name="addStaffs_07" time="1.181" classname="testSelenium.testStaffs"/>
  <testcase name="addStaffs_08" time="1.223" classname="testSelenium.testStaffs"/>
  <testcase name="addStaffs_09" time="1.233" classname="testSelenium.testStaffs"/>
  <testcase name="addStaffs_10" time="1.211" classname="testSelenium.testStaffs"/>
  <testcase name="addStaffs_11" time="1.327" classname="testSelenium.testStaffs"/>
  <testcase name="addStaffs_12" time="1.349" classname="testSelenium.testStaffs"/>
  <testcase name="addStaffs_13" time="1.347" classname="testSelenium.testStaffs"/>
  <testcase name="addStaffs_14" time="1.264" classname="testSelenium.testStaffs"/>
  <testcase name="addStaffs_15" time="1.263" classname="testSelenium.testStaffs"/>
  <testcase name="addStaffs_16" time="1.278" classname="testSelenium.testStaffs"/>
  <testcase name="addStaffs_17" time="1.278" classname="testSelenium.testStaffs"/>
  <testcase name="addStaffs_18" time="1.295" classname="testSelenium.testStaffs">
    <failure type="java.lang.AssertionError" message="expected [Please select a file.] but found []">
      <![CDATA[java.lang.AssertionError: expected [Please select a file.] but found []
at testSelenium.testStaffs.addStaffs_18(testStaffs.java:378)
... Removed 31 stack frames]]>
    </failure>
  </testcase> <!-- addStaffs_18 -->
  <testcase name="addStaffs_19" time="1.335" classname="testSelenium.testStaffs"/>
  <testcase name="addStaffs_20" time="1.355" classname="testSelenium.testStaffs"/>
  <testcase name="addStaffs_21" time="1.353" classname="testSelenium.testStaffs"/>
  <testcase name="addStaffs_22" time="1.358" classname="testSelenium.testStaffs"/>
  <testcase name="addStaffs_23" time="1.337" classname="testSelenium.testStaffs"/>
  <testcase name="addStaffs_24" time="1.394" classname="testSelenium.testStaffs"/>
  <testcase name="addStaffs_25" time="1.413" classname="testSelenium.testStaffs"/>
  <testcase name="addStaffs_26" time="1.428" classname="testSelenium.testStaffs"/>
  <testcase name="addStaffs_27" time="1.427" classname="testSelenium.testStaffs"/>
  <testcase name="addStaffs_28" time="1.492" classname="testSelenium.testStaffs"/>
  <testcase name="addStaffs_29" time="1.471" classname="testSelenium.testStaffs"/>
  <testcase name="addStaffs_30" time="1.475" classname="testSelenium.testStaffs"/>
  <testcase name="addStaffs_31" time="1.459" classname="testSelenium.testStaffs"/>
  <testcase name="addStaffs_32" time="1.485" classname="testSelenium.testStaffs"/>
  <testcase name="addStaffs_33" time="1.442" classname="testSelenium.testStaffs"/>
  <testcase name="addStaffs_34" time="1.513" classname="testSelenium.testStaffs"/>
  <testcase name="addStaffs_35" time="1.498" classname="testSelenium.testStaffs"/>
  <testcase name="addStaffs_36" time="1.524" classname="testSelenium.testStaffs"/>
  <testcase name="addStaffs_37" time="1.532" classname="testSelenium.testStaffs"/>
  <testcase name="addStaffs_38" time="1.494" classname="testSelenium.testStaffs"/>
  <testcase name="addStaffs_39" time="1.477" classname="testSelenium.testStaffs"/>
  <testcase name="addStaffs_40" time="1.537" classname="testSelenium.testStaffs"/>
  <testcase name="addStaffs_41" time="1.521" classname="testSelenium.testStaffs"/>
  <testcase name="addStaffs_42" time="1.511" classname="testSelenium.testStaffs"/>
  <testcase name="addStaffs_43" time="1.541" classname="testSelenium.testStaffs"/>
  <testcase name="addStaffs_44" time="1.563" classname="testSelenium.testStaffs"/>
  <testcase name="addStaffs_45" time="1.539" classname="testSelenium.testStaffs"/>
  <testcase name="addStaffs_46" time="1.526" classname="testSelenium.testStaffs"/>
  <testcase name="addStaffs_47" time="1.578" classname="testSelenium.testStaffs"/>
  <testcase name="addStaffs_48" time="1.785" classname="testSelenium.testStaffs"/>
  <testcase name="addStaffs_49" time="1.812" classname="testSelenium.testStaffs"/>
  <testcase name="addStaffs_50" time="1.777" classname="testSelenium.testStaffs"/>
  <testcase name="addDeparts_01" time="1.134" classname="testSelenium.testDeparts"/>
  <testcase name="addDeparts_02" time="1.161" classname="testSelenium.testDeparts"/>
  <testcase name="addDeparts_03" time="1.157" classname="testSelenium.testDeparts"/>
  <testcase name="addDeparts_04" time="1.159" classname="testSelenium.testDeparts"/>
  <testcase name="addDeparts_05" time="1.166" classname="testSelenium.testDeparts"/>
  <testcase name="addDeparts_06" time="1.169" classname="testSelenium.testDeparts"/>
  <testcase name="addDeparts_07" time="1.198" classname="testSelenium.testDeparts"/>
  <testcase name="addDeparts_08" time="1.202" classname="testSelenium.testDeparts"/>
  <testcase name="addDeparts_09" time="1.175" classname="testSelenium.testDeparts"/>
  <testcase name="addDeparts_10" time="1.202" classname="testSelenium.testDeparts"/>
  <testcase name="addDeparts_11" time="1.306" classname="testSelenium.testDeparts"/>
  <testcase name="addDeparts_12" time="1.319" classname="testSelenium.testDeparts"/>
  <testcase name="addDeparts_13" time="1.297" classname="testSelenium.testDeparts"/>
</testsuite> <!-- addStaff -->
