<?xml version="1.0" encoding="UTF-8"?>
<testng-results skipped="0" failed="1" ignored="0" total="63" passed="62">
  <reporter-output>
  </reporter-output>
  <suite name="Default suite" duration-ms="152238" started-at="2019-03-04T12:27:03Z" finished-at="2019-03-04T12:29:35Z">
    <groups>
    </groups>
    <test name="Default test" duration-ms="152238" started-at="2019-03-04T12:27:03Z" finished-at="2019-03-04T12:29:35Z">
      <class name="testSelenium.testStaffs">
        <test-method status="PASS" signature="springTestContextBeforeTestClass()[pri:0, instance:testSelenium.testStaffs@731f8236]" name="springTestContextBeforeTestClass" is-config="true" duration-ms="1" started-at="2019-03-04T12:27:19Z" finished-at="2019-03-04T12:27:19Z">
          <reporter-output>
          </reporter-output>
        </test-method> <!-- springTestContextBeforeTestClass -->
        <test-method status="PASS" signature="springTestContextPrepareTestInstance()[pri:0, instance:testSelenium.testStaffs@731f8236]" name="springTestContextPrepareTestInstance" is-config="true" duration-ms="2930" started-at="2019-03-04T12:27:19Z" depends-on-methods="org.springframework.test.context.testng.AbstractTestNGSpringContextTests.springTestContextBeforeTestClass" finished-at="2019-03-04T12:27:22Z">
          <reporter-output>
          </reporter-output>
        </test-method> <!-- springTestContextPrepareTestInstance -->
        <test-method status="PASS" signature="springTestContextBeforeTestMethod(java.lang.reflect.Method)[pri:0, instance:testSelenium.testStaffs@731f8236]" name="springTestContextBeforeTestMethod" is-config="true" duration-ms="1" started-at="2019-03-04T12:27:22Z" finished-at="2019-03-04T12:27:22Z">
          <params>
            <param index="0">
              <value>
                <![CDATA[public void testSelenium.testStaffs.addStaffs_01()]]>
              </value>
            </param>
          </params>
          <reporter-output>
          </reporter-output>
        </test-method> <!-- springTestContextBeforeTestMethod -->
        <test-method status="PASS" signature="haha()[pri:0, instance:testSelenium.testStaffs@731f8236]" name="haha" is-config="true" duration-ms="168" started-at="2019-03-04T12:27:22Z" finished-at="2019-03-04T12:27:22Z">
          <reporter-output>
          </reporter-output>
        </test-method> <!-- haha -->
        <test-method status="PASS" signature="addStaffs_01()[pri:1, instance:testSelenium.testStaffs@731f8236]" name="addStaffs_01" duration-ms="1244" started-at="2019-03-04T12:27:22Z" finished-at="2019-03-04T12:27:23Z">
          <reporter-output>
          </reporter-output>
        </test-method> <!-- addStaffs_01 -->
        <test-method status="PASS" signature="clear()[pri:0, instance:testSelenium.testStaffs@731f8236]" name="clear" is-config="true" duration-ms="672" started-at="2019-03-04T12:27:23Z" finished-at="2019-03-04T12:27:24Z">
          <reporter-output>
          </reporter-output>
        </test-method> <!-- clear -->
        <test-method status="PASS" signature="springTestContextAfterTestMethod(java.lang.reflect.Method)[pri:0, instance:testSelenium.testStaffs@731f8236]" name="springTestContextAfterTestMethod" is-config="true" duration-ms="1" started-at="2019-03-04T12:27:24Z" finished-at="2019-03-04T12:27:24Z">
          <params>
            <param index="0">
              <value>
                <![CDATA[public void testSelenium.testStaffs.addStaffs_01()]]>
              </value>
            </param>
          </params>
          <reporter-output>
          </reporter-output>
        </test-method> <!-- springTestContextAfterTestMethod -->
        <test-method status="PASS" signature="springTestContextBeforeTestMethod(java.lang.reflect.Method)[pri:0, instance:testSelenium.testStaffs@731f8236]" name="springTestContextBeforeTestMethod" is-config="true" duration-ms="0" started-at="2019-03-04T12:27:24Z" finished-at="2019-03-04T12:27:24Z">
          <params>
            <param index="0">
              <value>
                <![CDATA[public void testSelenium.testStaffs.addStaffs_02()]]>
              </value>
            </param>
          </params>
          <reporter-output>
          </reporter-output>
        </test-method> <!-- springTestContextBeforeTestMethod -->
        <test-method status="PASS" signature="haha()[pri:0, instance:testSelenium.testStaffs@731f8236]" name="haha" is-config="true" duration-ms="253" started-at="2019-03-04T12:27:24Z" finished-at="2019-03-04T12:27:24Z">
          <reporter-output>
          </reporter-output>
        </test-method> <!-- haha -->
        <test-method status="PASS" signature="addStaffs_02()[pri:2, instance:testSelenium.testStaffs@731f8236]" name="addStaffs_02" duration-ms="1169" started-at="2019-03-04T12:27:24Z" finished-at="2019-03-04T12:27:25Z">
          <reporter-output>
          </reporter-output>
        </test-method> <!-- addStaffs_02 -->
        <test-method status="PASS" signature="clear()[pri:0, instance:testSelenium.testStaffs@731f8236]" name="clear" is-config="true" duration-ms="146" started-at="2019-03-04T12:27:25Z" finished-at="2019-03-04T12:27:25Z">
          <reporter-output>
          </reporter-output>
        </test-method> <!-- clear -->
        <test-method status="PASS" signature="springTestContextAfterTestMethod(java.lang.reflect.Method)[pri:0, instance:testSelenium.testStaffs@731f8236]" name="springTestContextAfterTestMethod" is-config="true" duration-ms="0" started-at="2019-03-04T12:27:25Z" finished-at="2019-03-04T12:27:25Z">
          <params>
            <param index="0">
              <value>
                <![CDATA[public void testSelenium.testStaffs.addStaffs_02()]]>
              </value>
            </param>
          </params>
          <reporter-output>
          </reporter-output>
        </test-method> <!-- springTestContextAfterTestMethod -->
        <test-method status="PASS" signature="springTestContextBeforeTestMethod(java.lang.reflect.Method)[pri:0, instance:testSelenium.testStaffs@731f8236]" name="springTestContextBeforeTestMethod" is-config="true" duration-ms="1" started-at="2019-03-04T12:27:25Z" finished-at="2019-03-04T12:27:25Z">
          <params>
            <param index="0">
              <value>
                <![CDATA[public void testSelenium.testStaffs.addStaffs_03()]]>
              </value>
            </param>
          </params>
          <reporter-output>
          </reporter-output>
        </test-method> <!-- springTestContextBeforeTestMethod -->
        <test-method status="PASS" signature="haha()[pri:0, instance:testSelenium.testStaffs@731f8236]" name="haha" is-config="true" duration-ms="135" started-at="2019-03-04T12:27:25Z" finished-at="2019-03-04T12:27:26Z">
          <reporter-output>
          </reporter-output>
        </test-method> <!-- haha -->
        <test-method status="PASS" signature="addStaffs_03()[pri:3, instance:testSelenium.testStaffs@731f8236]" name="addStaffs_03" duration-ms="1165" started-at="2019-03-04T12:27:26Z" finished-at="2019-03-04T12:27:27Z">
          <reporter-output>
          </reporter-output>
        </test-method> <!-- addStaffs_03 -->
        <test-method status="PASS" signature="clear()[pri:0, instance:testSelenium.testStaffs@731f8236]" name="clear" is-config="true" duration-ms="106" started-at="2019-03-04T12:27:27Z" finished-at="2019-03-04T12:27:27Z">
          <reporter-output>
          </reporter-output>
        </test-method> <!-- clear -->
        <test-method status="PASS" signature="springTestContextAfterTestMethod(java.lang.reflect.Method)[pri:0, instance:testSelenium.testStaffs@731f8236]" name="springTestContextAfterTestMethod" is-config="true" duration-ms="1" started-at="2019-03-04T12:27:27Z" finished-at="2019-03-04T12:27:27Z">
          <params>
            <param index="0">
              <value>
                <![CDATA[public void testSelenium.testStaffs.addStaffs_03()]]>
              </value>
            </param>
          </params>
          <reporter-output>
          </reporter-output>
        </test-method> <!-- springTestContextAfterTestMethod -->
        <test-method status="PASS" signature="springTestContextBeforeTestMethod(java.lang.reflect.Method)[pri:0, instance:testSelenium.testStaffs@731f8236]" name="springTestContextBeforeTestMethod" is-config="true" duration-ms="1" started-at="2019-03-04T12:27:27Z" finished-at="2019-03-04T12:27:27Z">
          <params>
            <param index="0">
              <value>
                <![CDATA[public void testSelenium.testStaffs.addStaffs_04()]]>
              </value>
            </param>
          </params>
          <reporter-output>
          </reporter-output>
        </test-method> <!-- springTestContextBeforeTestMethod -->
        <test-method status="PASS" signature="haha()[pri:0, instance:testSelenium.testStaffs@731f8236]" name="haha" is-config="true" duration-ms="98" started-at="2019-03-04T12:27:27Z" finished-at="2019-03-04T12:27:27Z">
          <reporter-output>
          </reporter-output>
        </test-method> <!-- haha -->
        <test-method status="PASS" signature="addStaffs_04()[pri:4, instance:testSelenium.testStaffs@731f8236]" name="addStaffs_04" duration-ms="1229" started-at="2019-03-04T12:27:27Z" finished-at="2019-03-04T12:27:28Z">
          <reporter-output>
          </reporter-output>
        </test-method> <!-- addStaffs_04 -->
        <test-method status="PASS" signature="clear()[pri:0, instance:testSelenium.testStaffs@731f8236]" name="clear" is-config="true" duration-ms="110" started-at="2019-03-04T12:27:28Z" finished-at="2019-03-04T12:27:28Z">
          <reporter-output>
          </reporter-output>
        </test-method> <!-- clear -->
        <test-method status="PASS" signature="springTestContextAfterTestMethod(java.lang.reflect.Method)[pri:0, instance:testSelenium.testStaffs@731f8236]" name="springTestContextAfterTestMethod" is-config="true" duration-ms="0" started-at="2019-03-04T12:27:28Z" finished-at="2019-03-04T12:27:28Z">
          <params>
            <param index="0">
              <value>
                <![CDATA[public void testSelenium.testStaffs.addStaffs_04()]]>
              </value>
            </param>
          </params>
          <reporter-output>
          </reporter-output>
        </test-method> <!-- springTestContextAfterTestMethod -->
        <test-method status="PASS" signature="haha()[pri:0, instance:testSelenium.testStaffs@731f8236]" name="haha" is-config="true" duration-ms="111" started-at="2019-03-04T12:27:28Z" finished-at="2019-03-04T12:27:28Z">
          <reporter-output>
          </reporter-output>
        </test-method> <!-- haha -->
        <test-method status="PASS" signature="springTestContextBeforeTestMethod(java.lang.reflect.Method)[pri:0, instance:testSelenium.testStaffs@731f8236]" name="springTestContextBeforeTestMethod" is-config="true" duration-ms="0" started-at="2019-03-04T12:27:28Z" finished-at="2019-03-04T12:27:28Z">
          <params>
            <param index="0">
              <value>
                <![CDATA[public void testSelenium.testStaffs.addStaffs_05()]]>
              </value>
            </param>
          </params>
          <reporter-output>
          </reporter-output>
        </test-method> <!-- springTestContextBeforeTestMethod -->
        <test-method status="PASS" signature="addStaffs_05()[pri:5, instance:testSelenium.testStaffs@731f8236]" name="addStaffs_05" duration-ms="1191" started-at="2019-03-04T12:27:28Z" finished-at="2019-03-04T12:27:30Z">
          <reporter-output>
          </reporter-output>
        </test-method> <!-- addStaffs_05 -->
        <test-method status="PASS" signature="clear()[pri:0, instance:testSelenium.testStaffs@731f8236]" name="clear" is-config="true" duration-ms="117" started-at="2019-03-04T12:27:30Z" finished-at="2019-03-04T12:27:30Z">
          <reporter-output>
          </reporter-output>
        </test-method> <!-- clear -->
        <test-method status="PASS" signature="springTestContextAfterTestMethod(java.lang.reflect.Method)[pri:0, instance:testSelenium.testStaffs@731f8236]" name="springTestContextAfterTestMethod" is-config="true" duration-ms="1" started-at="2019-03-04T12:27:30Z" finished-at="2019-03-04T12:27:30Z">
          <params>
            <param index="0">
              <value>
                <![CDATA[public void testSelenium.testStaffs.addStaffs_05()]]>
              </value>
            </param>
          </params>
          <reporter-output>
          </reporter-output>
        </test-method> <!-- springTestContextAfterTestMethod -->
        <test-method status="PASS" signature="springTestContextBeforeTestMethod(java.lang.reflect.Method)[pri:0, instance:testSelenium.testStaffs@731f8236]" name="springTestContextBeforeTestMethod" is-config="true" duration-ms="1" started-at="2019-03-04T12:27:30Z" finished-at="2019-03-04T12:27:30Z">
          <params>
            <param index="0">
              <value>
                <![CDATA[public void testSelenium.testStaffs.addStaffs_06()]]>
              </value>
            </param>
          </params>
          <reporter-output>
          </reporter-output>
        </test-method> <!-- springTestContextBeforeTestMethod -->
        <test-method status="PASS" signature="haha()[pri:0, instance:testSelenium.testStaffs@731f8236]" name="haha" is-config="true" duration-ms="132" started-at="2019-03-04T12:27:30Z" finished-at="2019-03-04T12:27:30Z">
          <reporter-output>
          </reporter-output>
        </test-method> <!-- haha -->
        <test-method status="PASS" signature="addStaffs_06()[pri:6, instance:testSelenium.testStaffs@731f8236]" name="addStaffs_06" duration-ms="1316" started-at="2019-03-04T12:27:30Z" finished-at="2019-03-04T12:27:31Z">
          <reporter-output>
          </reporter-output>
        </test-method> <!-- addStaffs_06 -->
        <test-method status="PASS" signature="clear()[pri:0, instance:testSelenium.testStaffs@731f8236]" name="clear" is-config="true" duration-ms="163" started-at="2019-03-04T12:27:31Z" finished-at="2019-03-04T12:27:31Z">
          <reporter-output>
          </reporter-output>
        </test-method> <!-- clear -->
        <test-method status="PASS" signature="springTestContextAfterTestMethod(java.lang.reflect.Method)[pri:0, instance:testSelenium.testStaffs@731f8236]" name="springTestContextAfterTestMethod" is-config="true" duration-ms="1" started-at="2019-03-04T12:27:31Z" finished-at="2019-03-04T12:27:31Z">
          <params>
            <param index="0">
              <value>
                <![CDATA[public void testSelenium.testStaffs.addStaffs_06()]]>
              </value>
            </param>
          </params>
          <reporter-output>
          </reporter-output>
        </test-method> <!-- springTestContextAfterTestMethod -->
        <test-method status="PASS" signature="springTestContextBeforeTestMethod(java.lang.reflect.Method)[pri:0, instance:testSelenium.testStaffs@731f8236]" name="springTestContextBeforeTestMethod" is-config="true" duration-ms="0" started-at="2019-03-04T12:27:31Z" finished-at="2019-03-04T12:27:31Z">
          <params>
            <param index="0">
              <value>
                <![CDATA[public void testSelenium.testStaffs.addStaffs_07()]]>
              </value>
            </param>
          </params>
          <reporter-output>
          </reporter-output>
        </test-method> <!-- springTestContextBeforeTestMethod -->
        <test-method status="PASS" signature="haha()[pri:0, instance:testSelenium.testStaffs@731f8236]" name="haha" is-config="true" duration-ms="133" started-at="2019-03-04T12:27:31Z" finished-at="2019-03-04T12:27:31Z">
          <reporter-output>
          </reporter-output>
        </test-method> <!-- haha -->
        <test-method status="PASS" signature="addStaffs_07()[pri:7, instance:testSelenium.testStaffs@731f8236]" name="addStaffs_07" duration-ms="1352" started-at="2019-03-04T12:27:31Z" finished-at="2019-03-04T12:27:33Z">
          <reporter-output>
          </reporter-output>
        </test-method> <!-- addStaffs_07 -->
        <test-method status="PASS" signature="clear()[pri:0, instance:testSelenium.testStaffs@731f8236]" name="clear" is-config="true" duration-ms="182" started-at="2019-03-04T12:27:33Z" finished-at="2019-03-04T12:27:33Z">
          <reporter-output>
          </reporter-output>
        </test-method> <!-- clear -->
        <test-method status="PASS" signature="springTestContextAfterTestMethod(java.lang.reflect.Method)[pri:0, instance:testSelenium.testStaffs@731f8236]" name="springTestContextAfterTestMethod" is-config="true" duration-ms="0" started-at="2019-03-04T12:27:33Z" finished-at="2019-03-04T12:27:33Z">
          <params>
            <param index="0">
              <value>
                <![CDATA[public void testSelenium.testStaffs.addStaffs_07()]]>
              </value>
            </param>
          </params>
          <reporter-output>
          </reporter-output>
        </test-method> <!-- springTestContextAfterTestMethod -->
        <test-method status="PASS" signature="springTestContextBeforeTestMethod(java.lang.reflect.Method)[pri:0, instance:testSelenium.testStaffs@731f8236]" name="springTestContextBeforeTestMethod" is-config="true" duration-ms="1" started-at="2019-03-04T12:27:33Z" finished-at="2019-03-04T12:27:33Z">
          <params>
            <param index="0">
              <value>
                <![CDATA[public void testSelenium.testStaffs.addStaffs_08()]]>
              </value>
            </param>
          </params>
          <reporter-output>
          </reporter-output>
        </test-method> <!-- springTestContextBeforeTestMethod -->
        <test-method status="PASS" signature="haha()[pri:0, instance:testSelenium.testStaffs@731f8236]" name="haha" is-config="true" duration-ms="157" started-at="2019-03-04T12:27:33Z" finished-at="2019-03-04T12:27:33Z">
          <reporter-output>
          </reporter-output>
        </test-method> <!-- haha -->
        <test-method status="PASS" signature="addStaffs_08()[pri:8, instance:testSelenium.testStaffs@731f8236]" name="addStaffs_08" duration-ms="1401" started-at="2019-03-04T12:27:33Z" finished-at="2019-03-04T12:27:35Z">
          <reporter-output>
          </reporter-output>
        </test-method> <!-- addStaffs_08 -->
        <test-method status="PASS" signature="clear()[pri:0, instance:testSelenium.testStaffs@731f8236]" name="clear" is-config="true" duration-ms="136" started-at="2019-03-04T12:27:35Z" finished-at="2019-03-04T12:27:35Z">
          <reporter-output>
          </reporter-output>
        </test-method> <!-- clear -->
        <test-method status="PASS" signature="springTestContextAfterTestMethod(java.lang.reflect.Method)[pri:0, instance:testSelenium.testStaffs@731f8236]" name="springTestContextAfterTestMethod" is-config="true" duration-ms="0" started-at="2019-03-04T12:27:35Z" finished-at="2019-03-04T12:27:35Z">
          <params>
            <param index="0">
              <value>
                <![CDATA[public void testSelenium.testStaffs.addStaffs_08()]]>
              </value>
            </param>
          </params>
          <reporter-output>
          </reporter-output>
        </test-method> <!-- springTestContextAfterTestMethod -->
        <test-method status="PASS" signature="haha()[pri:0, instance:testSelenium.testStaffs@731f8236]" name="haha" is-config="true" duration-ms="170" started-at="2019-03-04T12:27:35Z" finished-at="2019-03-04T12:27:35Z">
          <reporter-output>
          </reporter-output>
        </test-method> <!-- haha -->
        <test-method status="PASS" signature="springTestContextBeforeTestMethod(java.lang.reflect.Method)[pri:0, instance:testSelenium.testStaffs@731f8236]" name="springTestContextBeforeTestMethod" is-config="true" duration-ms="0" started-at="2019-03-04T12:27:35Z" finished-at="2019-03-04T12:27:35Z">
          <params>
            <param index="0">
              <value>
                <![CDATA[public void testSelenium.testStaffs.addStaffs_09()]]>
              </value>
            </param>
          </params>
          <reporter-output>
          </reporter-output>
        </test-method> <!-- springTestContextBeforeTestMethod -->
        <test-method status="PASS" signature="addStaffs_09()[pri:9, instance:testSelenium.testStaffs@731f8236]" name="addStaffs_09" duration-ms="1438" started-at="2019-03-04T12:27:35Z" finished-at="2019-03-04T12:27:36Z">
          <reporter-output>
          </reporter-output>
        </test-method> <!-- addStaffs_09 -->
        <test-method status="PASS" signature="clear()[pri:0, instance:testSelenium.testStaffs@731f8236]" name="clear" is-config="true" duration-ms="157" started-at="2019-03-04T12:27:36Z" finished-at="2019-03-04T12:27:36Z">
          <reporter-output>
          </reporter-output>
        </test-method> <!-- clear -->
        <test-method status="PASS" signature="springTestContextAfterTestMethod(java.lang.reflect.Method)[pri:0, instance:testSelenium.testStaffs@731f8236]" name="springTestContextAfterTestMethod" is-config="true" duration-ms="1" started-at="2019-03-04T12:27:36Z" finished-at="2019-03-04T12:27:36Z">
          <params>
            <param index="0">
              <value>
                <![CDATA[public void testSelenium.testStaffs.addStaffs_09()]]>
              </value>
            </param>
          </params>
          <reporter-output>
          </reporter-output>
        </test-method> <!-- springTestContextAfterTestMethod -->
        <test-method status="PASS" signature="springTestContextBeforeTestMethod(java.lang.reflect.Method)[pri:0, instance:testSelenium.testStaffs@731f8236]" name="springTestContextBeforeTestMethod" is-config="true" duration-ms="1" started-at="2019-03-04T12:27:36Z" finished-at="2019-03-04T12:27:36Z">
          <params>
            <param index="0">
              <value>
                <![CDATA[public void testSelenium.testStaffs.addStaffs_10()]]>
              </value>
            </param>
          </params>
          <reporter-output>
          </reporter-output>
        </test-method> <!-- springTestContextBeforeTestMethod -->
        <test-method status="PASS" signature="haha()[pri:0, instance:testSelenium.testStaffs@731f8236]" name="haha" is-config="true" duration-ms="145" started-at="2019-03-04T12:27:36Z" finished-at="2019-03-04T12:27:37Z">
          <reporter-output>
          </reporter-output>
        </test-method> <!-- haha -->
        <test-method status="PASS" signature="addStaffs_10()[pri:10, instance:testSelenium.testStaffs@731f8236]" name="addStaffs_10" duration-ms="1462" started-at="2019-03-04T12:27:37Z" finished-at="2019-03-04T12:27:38Z">
          <reporter-output>
          </reporter-output>
        </test-method> <!-- addStaffs_10 -->
        <test-method status="PASS" signature="clear()[pri:0, instance:testSelenium.testStaffs@731f8236]" name="clear" is-config="true" duration-ms="214" started-at="2019-03-04T12:27:38Z" finished-at="2019-03-04T12:27:38Z">
          <reporter-output>
          </reporter-output>
        </test-method> <!-- clear -->
        <test-method status="PASS" signature="springTestContextAfterTestMethod(java.lang.reflect.Method)[pri:0, instance:testSelenium.testStaffs@731f8236]" name="springTestContextAfterTestMethod" is-config="true" duration-ms="1" started-at="2019-03-04T12:27:38Z" finished-at="2019-03-04T12:27:38Z">
          <params>
            <param index="0">
              <value>
                <![CDATA[public void testSelenium.testStaffs.addStaffs_10()]]>
              </value>
            </param>
          </params>
          <reporter-output>
          </reporter-output>
        </test-method> <!-- springTestContextAfterTestMethod -->
        <test-method status="PASS" signature="haha()[pri:0, instance:testSelenium.testStaffs@731f8236]" name="haha" is-config="true" duration-ms="170" started-at="2019-03-04T12:27:38Z" finished-at="2019-03-04T12:27:38Z">
          <reporter-output>
          </reporter-output>
        </test-method> <!-- haha -->
        <test-method status="PASS" signature="springTestContextBeforeTestMethod(java.lang.reflect.Method)[pri:0, instance:testSelenium.testStaffs@731f8236]" name="springTestContextBeforeTestMethod" is-config="true" duration-ms="0" started-at="2019-03-04T12:27:38Z" finished-at="2019-03-04T12:27:38Z">
          <params>
            <param index="0">
              <value>
                <![CDATA[public void testSelenium.testStaffs.addStaffs_11()]]>
              </value>
            </param>
          </params>
          <reporter-output>
          </reporter-output>
        </test-method> <!-- springTestContextBeforeTestMethod -->
        <test-method status="PASS" signature="addStaffs_11()[pri:11, instance:testSelenium.testStaffs@731f8236]" name="addStaffs_11" duration-ms="1757" started-at="2019-03-04T12:27:38Z" finished-at="2019-03-04T12:27:40Z">
          <reporter-output>
          </reporter-output>
        </test-method> <!-- addStaffs_11 -->
        <test-method status="PASS" signature="clear()[pri:0, instance:testSelenium.testStaffs@731f8236]" name="clear" is-config="true" duration-ms="296" started-at="2019-03-04T12:27:40Z" finished-at="2019-03-04T12:27:40Z">
          <reporter-output>
          </reporter-output>
        </test-method> <!-- clear -->
        <test-method status="PASS" signature="springTestContextAfterTestMethod(java.lang.reflect.Method)[pri:0, instance:testSelenium.testStaffs@731f8236]" name="springTestContextAfterTestMethod" is-config="true" duration-ms="1" started-at="2019-03-04T12:27:40Z" finished-at="2019-03-04T12:27:40Z">
          <params>
            <param index="0">
              <value>
                <![CDATA[public void testSelenium.testStaffs.addStaffs_11()]]>
              </value>
            </param>
          </params>
          <reporter-output>
          </reporter-output>
        </test-method> <!-- springTestContextAfterTestMethod -->
        <test-method status="PASS" signature="springTestContextBeforeTestMethod(java.lang.reflect.Method)[pri:0, instance:testSelenium.testStaffs@731f8236]" name="springTestContextBeforeTestMethod" is-config="true" duration-ms="1" started-at="2019-03-04T12:27:40Z" finished-at="2019-03-04T12:27:40Z">
          <params>
            <param index="0">
              <value>
                <![CDATA[public void testSelenium.testStaffs.addStaffs_12()]]>
              </value>
            </param>
          </params>
          <reporter-output>
          </reporter-output>
        </test-method> <!-- springTestContextBeforeTestMethod -->
        <test-method status="PASS" signature="haha()[pri:0, instance:testSelenium.testStaffs@731f8236]" name="haha" is-config="true" duration-ms="173" started-at="2019-03-04T12:27:40Z" finished-at="2019-03-04T12:27:41Z">
          <reporter-output>
          </reporter-output>
        </test-method> <!-- haha -->
        <test-method status="PASS" signature="addStaffs_12()[pri:12, instance:testSelenium.testStaffs@731f8236]" name="addStaffs_12" duration-ms="1725" started-at="2019-03-04T12:27:41Z" finished-at="2019-03-04T12:27:42Z">
          <reporter-output>
          </reporter-output>
        </test-method> <!-- addStaffs_12 -->
        <test-method status="PASS" signature="clear()[pri:0, instance:testSelenium.testStaffs@731f8236]" name="clear" is-config="true" duration-ms="123" started-at="2019-03-04T12:27:42Z" finished-at="2019-03-04T12:27:42Z">
          <reporter-output>
          </reporter-output>
        </test-method> <!-- clear -->
        <test-method status="PASS" signature="springTestContextAfterTestMethod(java.lang.reflect.Method)[pri:0, instance:testSelenium.testStaffs@731f8236]" name="springTestContextAfterTestMethod" is-config="true" duration-ms="1" started-at="2019-03-04T12:27:42Z" finished-at="2019-03-04T12:27:42Z">
          <params>
            <param index="0">
              <value>
                <![CDATA[public void testSelenium.testStaffs.addStaffs_12()]]>
              </value>
            </param>
          </params>
          <reporter-output>
          </reporter-output>
        </test-method> <!-- springTestContextAfterTestMethod -->
        <test-method status="PASS" signature="haha()[pri:0, instance:testSelenium.testStaffs@731f8236]" name="haha" is-config="true" duration-ms="127" started-at="2019-03-04T12:27:43Z" finished-at="2019-03-04T12:27:43Z">
          <reporter-output>
          </reporter-output>
        </test-method> <!-- haha -->
        <test-method status="PASS" signature="springTestContextBeforeTestMethod(java.lang.reflect.Method)[pri:0, instance:testSelenium.testStaffs@731f8236]" name="springTestContextBeforeTestMethod" is-config="true" duration-ms="0" started-at="2019-03-04T12:27:43Z" finished-at="2019-03-04T12:27:43Z">
          <params>
            <param index="0">
              <value>
                <![CDATA[public void testSelenium.testStaffs.addStaffs_13()]]>
              </value>
            </param>
          </params>
          <reporter-output>
          </reporter-output>
        </test-method> <!-- springTestContextBeforeTestMethod -->
        <test-method status="PASS" signature="addStaffs_13()[pri:13, instance:testSelenium.testStaffs@731f8236]" name="addStaffs_13" duration-ms="1533" started-at="2019-03-04T12:27:43Z" finished-at="2019-03-04T12:27:44Z">
          <reporter-output>
          </reporter-output>
        </test-method> <!-- addStaffs_13 -->
        <test-method status="PASS" signature="clear()[pri:0, instance:testSelenium.testStaffs@731f8236]" name="clear" is-config="true" duration-ms="192" started-at="2019-03-04T12:27:44Z" finished-at="2019-03-04T12:27:44Z">
          <reporter-output>
          </reporter-output>
        </test-method> <!-- clear -->
        <test-method status="PASS" signature="springTestContextAfterTestMethod(java.lang.reflect.Method)[pri:0, instance:testSelenium.testStaffs@731f8236]" name="springTestContextAfterTestMethod" is-config="true" duration-ms="1" started-at="2019-03-04T12:27:44Z" finished-at="2019-03-04T12:27:44Z">
          <params>
            <param index="0">
              <value>
                <![CDATA[public void testSelenium.testStaffs.addStaffs_13()]]>
              </value>
            </param>
          </params>
          <reporter-output>
          </reporter-output>
        </test-method> <!-- springTestContextAfterTestMethod -->
        <test-method status="PASS" signature="haha()[pri:0, instance:testSelenium.testStaffs@731f8236]" name="haha" is-config="true" duration-ms="81" started-at="2019-03-04T12:27:44Z" finished-at="2019-03-04T12:27:44Z">
          <reporter-output>
          </reporter-output>
        </test-method> <!-- haha -->
        <test-method status="PASS" signature="springTestContextBeforeTestMethod(java.lang.reflect.Method)[pri:0, instance:testSelenium.testStaffs@731f8236]" name="springTestContextBeforeTestMethod" is-config="true" duration-ms="0" started-at="2019-03-04T12:27:44Z" finished-at="2019-03-04T12:27:44Z">
          <params>
            <param index="0">
              <value>
                <![CDATA[public void testSelenium.testStaffs.addStaffs_14()]]>
              </value>
            </param>
          </params>
          <reporter-output>
          </reporter-output>
        </test-method> <!-- springTestContextBeforeTestMethod -->
        <test-method status="PASS" signature="addStaffs_14()[pri:14, instance:testSelenium.testStaffs@731f8236]" name="addStaffs_14" duration-ms="1262" started-at="2019-03-04T12:27:44Z" finished-at="2019-03-04T12:27:46Z">
          <reporter-output>
          </reporter-output>
        </test-method> <!-- addStaffs_14 -->
        <test-method status="PASS" signature="clear()[pri:0, instance:testSelenium.testStaffs@731f8236]" name="clear" is-config="true" duration-ms="126" started-at="2019-03-04T12:27:46Z" finished-at="2019-03-04T12:27:46Z">
          <reporter-output>
          </reporter-output>
        </test-method> <!-- clear -->
        <test-method status="PASS" signature="springTestContextAfterTestMethod(java.lang.reflect.Method)[pri:0, instance:testSelenium.testStaffs@731f8236]" name="springTestContextAfterTestMethod" is-config="true" duration-ms="1" started-at="2019-03-04T12:27:46Z" finished-at="2019-03-04T12:27:46Z">
          <params>
            <param index="0">
              <value>
                <![CDATA[public void testSelenium.testStaffs.addStaffs_14()]]>
              </value>
            </param>
          </params>
          <reporter-output>
          </reporter-output>
        </test-method> <!-- springTestContextAfterTestMethod -->
        <test-method status="PASS" signature="springTestContextBeforeTestMethod(java.lang.reflect.Method)[pri:0, instance:testSelenium.testStaffs@731f8236]" name="springTestContextBeforeTestMethod" is-config="true" duration-ms="1" started-at="2019-03-04T12:27:46Z" finished-at="2019-03-04T12:27:46Z">
          <params>
            <param index="0">
              <value>
                <![CDATA[public void testSelenium.testStaffs.addStaffs_15()]]>
              </value>
            </param>
          </params>
          <reporter-output>
          </reporter-output>
        </test-method> <!-- springTestContextBeforeTestMethod -->
        <test-method status="PASS" signature="haha()[pri:0, instance:testSelenium.testStaffs@731f8236]" name="haha" is-config="true" duration-ms="133" started-at="2019-03-04T12:27:46Z" finished-at="2019-03-04T12:27:46Z">
          <reporter-output>
          </reporter-output>
        </test-method> <!-- haha -->
        <test-method status="PASS" signature="addStaffs_15()[pri:15, instance:testSelenium.testStaffs@731f8236]" name="addStaffs_15" duration-ms="1508" started-at="2019-03-04T12:27:46Z" finished-at="2019-03-04T12:27:47Z">
          <reporter-output>
          </reporter-output>
        </test-method> <!-- addStaffs_15 -->
        <test-method status="PASS" signature="clear()[pri:0, instance:testSelenium.testStaffs@731f8236]" name="clear" is-config="true" duration-ms="137" started-at="2019-03-04T12:27:47Z" finished-at="2019-03-04T12:27:48Z">
          <reporter-output>
          </reporter-output>
        </test-method> <!-- clear -->
        <test-method status="PASS" signature="springTestContextAfterTestMethod(java.lang.reflect.Method)[pri:0, instance:testSelenium.testStaffs@731f8236]" name="springTestContextAfterTestMethod" is-config="true" duration-ms="1" started-at="2019-03-04T12:27:48Z" finished-at="2019-03-04T12:27:48Z">
          <params>
            <param index="0">
              <value>
                <![CDATA[public void testSelenium.testStaffs.addStaffs_15()]]>
              </value>
            </param>
          </params>
          <reporter-output>
          </reporter-output>
        </test-method> <!-- springTestContextAfterTestMethod -->
        <test-method status="PASS" signature="springTestContextBeforeTestMethod(java.lang.reflect.Method)[pri:0, instance:testSelenium.testStaffs@731f8236]" name="springTestContextBeforeTestMethod" is-config="true" duration-ms="1" started-at="2019-03-04T12:27:48Z" finished-at="2019-03-04T12:27:48Z">
          <params>
            <param index="0">
              <value>
                <![CDATA[public void testSelenium.testStaffs.addStaffs_16()]]>
              </value>
            </param>
          </params>
          <reporter-output>
          </reporter-output>
        </test-method> <!-- springTestContextBeforeTestMethod -->
        <test-method status="PASS" signature="haha()[pri:0, instance:testSelenium.testStaffs@731f8236]" name="haha" is-config="true" duration-ms="178" started-at="2019-03-04T12:27:48Z" finished-at="2019-03-04T12:27:48Z">
          <reporter-output>
          </reporter-output>
        </test-method> <!-- haha -->
        <test-method status="PASS" signature="addStaffs_16()[pri:16, instance:testSelenium.testStaffs@731f8236]" name="addStaffs_16" duration-ms="1523" started-at="2019-03-04T12:27:48Z" finished-at="2019-03-04T12:27:49Z">
          <reporter-output>
          </reporter-output>
        </test-method> <!-- addStaffs_16 -->
        <test-method status="PASS" signature="clear()[pri:0, instance:testSelenium.testStaffs@731f8236]" name="clear" is-config="true" duration-ms="149" started-at="2019-03-04T12:27:49Z" finished-at="2019-03-04T12:27:49Z">
          <reporter-output>
          </reporter-output>
        </test-method> <!-- clear -->
        <test-method status="PASS" signature="springTestContextAfterTestMethod(java.lang.reflect.Method)[pri:0, instance:testSelenium.testStaffs@731f8236]" name="springTestContextAfterTestMethod" is-config="true" duration-ms="1" started-at="2019-03-04T12:27:49Z" finished-at="2019-03-04T12:27:49Z">
          <params>
            <param index="0">
              <value>
                <![CDATA[public void testSelenium.testStaffs.addStaffs_16()]]>
              </value>
            </param>
          </params>
          <reporter-output>
          </reporter-output>
        </test-method> <!-- springTestContextAfterTestMethod -->
        <test-method status="PASS" signature="springTestContextBeforeTestMethod(java.lang.reflect.Method)[pri:0, instance:testSelenium.testStaffs@731f8236]" name="springTestContextBeforeTestMethod" is-config="true" duration-ms="0" started-at="2019-03-04T12:27:49Z" finished-at="2019-03-04T12:27:49Z">
          <params>
            <param index="0">
              <value>
                <![CDATA[public void testSelenium.testStaffs.addStaffs_17()]]>
              </value>
            </param>
          </params>
          <reporter-output>
          </reporter-output>
        </test-method> <!-- springTestContextBeforeTestMethod -->
        <test-method status="PASS" signature="haha()[pri:0, instance:testSelenium.testStaffs@731f8236]" name="haha" is-config="true" duration-ms="146" started-at="2019-03-04T12:27:49Z" finished-at="2019-03-04T12:27:50Z">
          <reporter-output>
          </reporter-output>
        </test-method> <!-- haha -->
        <test-method status="PASS" signature="addStaffs_17()[pri:17, instance:testSelenium.testStaffs@731f8236]" name="addStaffs_17" duration-ms="1460" started-at="2019-03-04T12:27:50Z" finished-at="2019-03-04T12:27:51Z">
          <reporter-output>
          </reporter-output>
        </test-method> <!-- addStaffs_17 -->
        <test-method status="PASS" signature="clear()[pri:0, instance:testSelenium.testStaffs@731f8236]" name="clear" is-config="true" duration-ms="111" started-at="2019-03-04T12:27:51Z" finished-at="2019-03-04T12:27:51Z">
          <reporter-output>
          </reporter-output>
        </test-method> <!-- clear -->
        <test-method status="PASS" signature="springTestContextAfterTestMethod(java.lang.reflect.Method)[pri:0, instance:testSelenium.testStaffs@731f8236]" name="springTestContextAfterTestMethod" is-config="true" duration-ms="1" started-at="2019-03-04T12:27:51Z" finished-at="2019-03-04T12:27:51Z">
          <params>
            <param index="0">
              <value>
                <![CDATA[public void testSelenium.testStaffs.addStaffs_17()]]>
              </value>
            </param>
          </params>
          <reporter-output>
          </reporter-output>
        </test-method> <!-- springTestContextAfterTestMethod -->
        <test-method status="PASS" signature="springTestContextBeforeTestMethod(java.lang.reflect.Method)[pri:0, instance:testSelenium.testStaffs@731f8236]" name="springTestContextBeforeTestMethod" is-config="true" duration-ms="1" started-at="2019-03-04T12:27:51Z" finished-at="2019-03-04T12:27:51Z">
          <params>
            <param index="0">
              <value>
                <![CDATA[public void testSelenium.testStaffs.addStaffs_18()]]>
              </value>
            </param>
          </params>
          <reporter-output>
          </reporter-output>
        </test-method> <!-- springTestContextBeforeTestMethod -->
        <test-method status="PASS" signature="haha()[pri:0, instance:testSelenium.testStaffs@731f8236]" name="haha" is-config="true" duration-ms="123" started-at="2019-03-04T12:27:51Z" finished-at="2019-03-04T12:27:51Z">
          <reporter-output>
          </reporter-output>
        </test-method> <!-- haha -->
        <test-method status="FAIL" signature="addStaffs_18()[pri:18, instance:testSelenium.testStaffs@731f8236]" name="addStaffs_18" duration-ms="1450" started-at="2019-03-04T12:27:51Z" finished-at="2019-03-04T12:27:53Z">
          <exception class="java.lang.AssertionError">
            <message>
              <![CDATA[expected [Please select a file.] but found []]]>
            </message>
            <full-stacktrace>
              <![CDATA[java.lang.AssertionError: expected [Please select a file.] but found []
at org.testng.Assert.fail(Assert.java:96)
at org.testng.Assert.failNotEquals(Assert.java:776)
at org.testng.Assert.assertEqualsImpl(Assert.java:137)
at org.testng.Assert.assertEquals(Assert.java:118)
at org.testng.Assert.assertEquals(Assert.java:453)
at org.testng.Assert.assertEquals(Assert.java:463)
at testSelenium.testStaffs.addStaffs_18(testStaffs.java:402)
at sun.reflect.NativeMethodAccessorImpl.invoke0(Native Method)
at sun.reflect.NativeMethodAccessorImpl.invoke(Unknown Source)
at sun.reflect.DelegatingMethodAccessorImpl.invoke(Unknown Source)
at java.lang.reflect.Method.invoke(Unknown Source)
at org.testng.internal.MethodInvocationHelper.invokeMethod(MethodInvocationHelper.java:124)
at org.testng.internal.MethodInvocationHelper$1.runTestMethod(MethodInvocationHelper.java:230)
at org.springframework.test.context.testng.AbstractTestNGSpringContextTests.run(AbstractTestNGSpringContextTests.java:172)
at org.testng.internal.MethodInvocationHelper.invokeHookable(MethodInvocationHelper.java:242)
at org.testng.internal.Invoker.invokeMethod(Invoker.java:576)
at org.testng.internal.Invoker.invokeTestMethod(Invoker.java:716)
at org.testng.internal.Invoker.invokeTestMethods(Invoker.java:988)
at org.testng.internal.TestMethodWorker.invokeTestMethods(TestMethodWorker.java:125)
at org.testng.internal.TestMethodWorker.run(TestMethodWorker.java:109)
at org.testng.TestRunner.privateRun(TestRunner.java:648)
at org.testng.TestRunner.run(TestRunner.java:505)
at org.testng.SuiteRunner.runTest(SuiteRunner.java:455)
at org.testng.SuiteRunner.runSequentially(SuiteRunner.java:450)
at org.testng.SuiteRunner.privateRun(SuiteRunner.java:415)
at org.testng.SuiteRunner.run(SuiteRunner.java:364)
at org.testng.SuiteRunnerWorker.runSuite(SuiteRunnerWorker.java:52)
at org.testng.SuiteRunnerWorker.run(SuiteRunnerWorker.java:84)
at org.testng.TestNG.runSuitesSequentially(TestNG.java:1208)
at org.testng.TestNG.runSuitesLocally(TestNG.java:1137)
at org.testng.TestNG.runSuites(TestNG.java:1049)
at org.testng.TestNG.run(TestNG.java:1017)
at org.testng.remote.AbstractRemoteTestNG.run(AbstractRemoteTestNG.java:114)
at org.testng.remote.RemoteTestNG.initAndRun(RemoteTestNG.java:251)
at org.testng.remote.RemoteTestNG.main(RemoteTestNG.java:77)
]]>
            </full-stacktrace>
          </exception> <!-- java.lang.AssertionError -->
          <reporter-output>
          </reporter-output>
        </test-method> <!-- addStaffs_18 -->
        <test-method status="PASS" signature="clear()[pri:0, instance:testSelenium.testStaffs@731f8236]" name="clear" is-config="true" duration-ms="121" started-at="2019-03-04T12:27:53Z" finished-at="2019-03-04T12:27:53Z">
          <reporter-output>
          </reporter-output>
        </test-method> <!-- clear -->
        <test-method status="PASS" signature="springTestContextAfterTestMethod(java.lang.reflect.Method)[pri:0, instance:testSelenium.testStaffs@731f8236]" name="springTestContextAfterTestMethod" is-config="true" duration-ms="0" started-at="2019-03-04T12:27:53Z" finished-at="2019-03-04T12:27:53Z">
          <params>
            <param index="0">
              <value>
                <![CDATA[public void testSelenium.testStaffs.addStaffs_18()]]>
              </value>
            </param>
          </params>
          <reporter-output>
          </reporter-output>
        </test-method> <!-- springTestContextAfterTestMethod -->
        <test-method status="PASS" signature="haha()[pri:0, instance:testSelenium.testStaffs@731f8236]" name="haha" is-config="true" duration-ms="109" started-at="2019-03-04T12:27:53Z" finished-at="2019-03-04T12:27:53Z">
          <reporter-output>
          </reporter-output>
        </test-method> <!-- haha -->
        <test-method status="PASS" signature="springTestContextBeforeTestMethod(java.lang.reflect.Method)[pri:0, instance:testSelenium.testStaffs@731f8236]" name="springTestContextBeforeTestMethod" is-config="true" duration-ms="0" started-at="2019-03-04T12:27:53Z" finished-at="2019-03-04T12:27:53Z">
          <params>
            <param index="0">
              <value>
                <![CDATA[public void testSelenium.testStaffs.addStaffs_19()]]>
              </value>
            </param>
          </params>
          <reporter-output>
          </reporter-output>
        </test-method> <!-- springTestContextBeforeTestMethod -->
        <test-method status="PASS" signature="addStaffs_19()[pri:19, instance:testSelenium.testStaffs@731f8236]" name="addStaffs_19" duration-ms="1540" started-at="2019-03-04T12:27:53Z" finished-at="2019-03-04T12:27:55Z">
          <reporter-output>
          </reporter-output>
        </test-method> <!-- addStaffs_19 -->
        <test-method status="PASS" signature="clear()[pri:0, instance:testSelenium.testStaffs@731f8236]" name="clear" is-config="true" duration-ms="154" started-at="2019-03-04T12:27:55Z" finished-at="2019-03-04T12:27:55Z">
          <reporter-output>
          </reporter-output>
        </test-method> <!-- clear -->
        <test-method status="PASS" signature="springTestContextAfterTestMethod(java.lang.reflect.Method)[pri:0, instance:testSelenium.testStaffs@731f8236]" name="springTestContextAfterTestMethod" is-config="true" duration-ms="0" started-at="2019-03-04T12:27:55Z" finished-at="2019-03-04T12:27:55Z">
          <params>
            <param index="0">
              <value>
                <![CDATA[public void testSelenium.testStaffs.addStaffs_19()]]>
              </value>
            </param>
          </params>
          <reporter-output>
          </reporter-output>
        </test-method> <!-- springTestContextAfterTestMethod -->
        <test-method status="PASS" signature="springTestContextBeforeTestMethod(java.lang.reflect.Method)[pri:0, instance:testSelenium.testStaffs@731f8236]" name="springTestContextBeforeTestMethod" is-config="true" duration-ms="1" started-at="2019-03-04T12:27:55Z" finished-at="2019-03-04T12:27:55Z">
          <params>
            <param index="0">
              <value>
                <![CDATA[public void testSelenium.testStaffs.addStaffs_20()]]>
              </value>
            </param>
          </params>
          <reporter-output>
          </reporter-output>
        </test-method> <!-- springTestContextBeforeTestMethod -->
        <test-method status="PASS" signature="haha()[pri:0, instance:testSelenium.testStaffs@731f8236]" name="haha" is-config="true" duration-ms="183" started-at="2019-03-04T12:27:55Z" finished-at="2019-03-04T12:27:55Z">
          <reporter-output>
          </reporter-output>
        </test-method> <!-- haha -->
        <test-method status="PASS" signature="addStaffs_20()[pri:20, instance:testSelenium.testStaffs@731f8236]" name="addStaffs_20" duration-ms="1724" started-at="2019-03-04T12:27:55Z" finished-at="2019-03-04T12:27:57Z">
          <reporter-output>
          </reporter-output>
        </test-method> <!-- addStaffs_20 -->
        <test-method status="PASS" signature="clear()[pri:0, instance:testSelenium.testStaffs@731f8236]" name="clear" is-config="true" duration-ms="133" started-at="2019-03-04T12:27:57Z" finished-at="2019-03-04T12:27:57Z">
          <reporter-output>
          </reporter-output>
        </test-method> <!-- clear -->
        <test-method status="PASS" signature="springTestContextAfterTestMethod(java.lang.reflect.Method)[pri:0, instance:testSelenium.testStaffs@731f8236]" name="springTestContextAfterTestMethod" is-config="true" duration-ms="1" started-at="2019-03-04T12:27:57Z" finished-at="2019-03-04T12:27:57Z">
          <params>
            <param index="0">
              <value>
                <![CDATA[public void testSelenium.testStaffs.addStaffs_20()]]>
              </value>
            </param>
          </params>
          <reporter-output>
          </reporter-output>
        </test-method> <!-- springTestContextAfterTestMethod -->
        <test-method status="PASS" signature="springTestContextBeforeTestMethod(java.lang.reflect.Method)[pri:0, instance:testSelenium.testStaffs@731f8236]" name="springTestContextBeforeTestMethod" is-config="true" duration-ms="1" started-at="2019-03-04T12:27:57Z" finished-at="2019-03-04T12:27:57Z">
          <params>
            <param index="0">
              <value>
                <![CDATA[public void testSelenium.testStaffs.addStaffs_21()]]>
              </value>
            </param>
          </params>
          <reporter-output>
          </reporter-output>
        </test-method> <!-- springTestContextBeforeTestMethod -->
        <test-method status="PASS" signature="haha()[pri:0, instance:testSelenium.testStaffs@731f8236]" name="haha" is-config="true" duration-ms="134" started-at="2019-03-04T12:27:57Z" finished-at="2019-03-04T12:27:57Z">
          <reporter-output>
          </reporter-output>
        </test-method> <!-- haha -->
        <test-method status="PASS" signature="addStaffs_21()[pri:21, instance:testSelenium.testStaffs@731f8236]" name="addStaffs_21" duration-ms="1505" started-at="2019-03-04T12:27:57Z" finished-at="2019-03-04T12:27:58Z">
          <reporter-output>
          </reporter-output>
        </test-method> <!-- addStaffs_21 -->
        <test-method status="PASS" signature="clear()[pri:0, instance:testSelenium.testStaffs@731f8236]" name="clear" is-config="true" duration-ms="129" started-at="2019-03-04T12:27:58Z" finished-at="2019-03-04T12:27:58Z">
          <reporter-output>
          </reporter-output>
        </test-method> <!-- clear -->
        <test-method status="PASS" signature="springTestContextAfterTestMethod(java.lang.reflect.Method)[pri:0, instance:testSelenium.testStaffs@731f8236]" name="springTestContextAfterTestMethod" is-config="true" duration-ms="1" started-at="2019-03-04T12:27:58Z" finished-at="2019-03-04T12:27:58Z">
          <params>
            <param index="0">
              <value>
                <![CDATA[public void testSelenium.testStaffs.addStaffs_21()]]>
              </value>
            </param>
          </params>
          <reporter-output>
          </reporter-output>
        </test-method> <!-- springTestContextAfterTestMethod -->
        <test-method status="PASS" signature="springTestContextBeforeTestMethod(java.lang.reflect.Method)[pri:0, instance:testSelenium.testStaffs@731f8236]" name="springTestContextBeforeTestMethod" is-config="true" duration-ms="0" started-at="2019-03-04T12:27:59Z" finished-at="2019-03-04T12:27:59Z">
          <params>
            <param index="0">
              <value>
                <![CDATA[public void testSelenium.testStaffs.addStaffs_22()]]>
              </value>
            </param>
          </params>
          <reporter-output>
          </reporter-output>
        </test-method> <!-- springTestContextBeforeTestMethod -->
        <test-method status="PASS" signature="haha()[pri:0, instance:testSelenium.testStaffs@731f8236]" name="haha" is-config="true" duration-ms="132" started-at="2019-03-04T12:27:59Z" finished-at="2019-03-04T12:27:59Z">
          <reporter-output>
          </reporter-output>
        </test-method> <!-- haha -->
        <test-method status="PASS" signature="addStaffs_22()[pri:22, instance:testSelenium.testStaffs@731f8236]" name="addStaffs_22" duration-ms="1566" started-at="2019-03-04T12:27:59Z" finished-at="2019-03-04T12:28:00Z">
          <reporter-output>
          </reporter-output>
        </test-method> <!-- addStaffs_22 -->
        <test-method status="PASS" signature="clear()[pri:0, instance:testSelenium.testStaffs@731f8236]" name="clear" is-config="true" duration-ms="124" started-at="2019-03-04T12:28:00Z" finished-at="2019-03-04T12:28:00Z">
          <reporter-output>
          </reporter-output>
        </test-method> <!-- clear -->
        <test-method status="PASS" signature="springTestContextAfterTestMethod(java.lang.reflect.Method)[pri:0, instance:testSelenium.testStaffs@731f8236]" name="springTestContextAfterTestMethod" is-config="true" duration-ms="0" started-at="2019-03-04T12:28:00Z" finished-at="2019-03-04T12:28:00Z">
          <params>
            <param index="0">
              <value>
                <![CDATA[public void testSelenium.testStaffs.addStaffs_22()]]>
              </value>
            </param>
          </params>
          <reporter-output>
          </reporter-output>
        </test-method> <!-- springTestContextAfterTestMethod -->
        <test-method status="PASS" signature="haha()[pri:0, instance:testSelenium.testStaffs@731f8236]" name="haha" is-config="true" duration-ms="129" started-at="2019-03-04T12:28:00Z" finished-at="2019-03-04T12:28:00Z">
          <reporter-output>
          </reporter-output>
        </test-method> <!-- haha -->
        <test-method status="PASS" signature="springTestContextBeforeTestMethod(java.lang.reflect.Method)[pri:0, instance:testSelenium.testStaffs@731f8236]" name="springTestContextBeforeTestMethod" is-config="true" duration-ms="0" started-at="2019-03-04T12:28:00Z" finished-at="2019-03-04T12:28:00Z">
          <params>
            <param index="0">
              <value>
                <![CDATA[public void testSelenium.testStaffs.addStaffs_23()]]>
              </value>
            </param>
          </params>
          <reporter-output>
          </reporter-output>
        </test-method> <!-- springTestContextBeforeTestMethod -->
        <test-method status="PASS" signature="addStaffs_23()[pri:23, instance:testSelenium.testStaffs@731f8236]" name="addStaffs_23" duration-ms="1433" started-at="2019-03-04T12:28:00Z" finished-at="2019-03-04T12:28:02Z">
          <reporter-output>
          </reporter-output>
        </test-method> <!-- addStaffs_23 -->
        <test-method status="PASS" signature="clear()[pri:0, instance:testSelenium.testStaffs@731f8236]" name="clear" is-config="true" duration-ms="147" started-at="2019-03-04T12:28:02Z" finished-at="2019-03-04T12:28:02Z">
          <reporter-output>
          </reporter-output>
        </test-method> <!-- clear -->
        <test-method status="PASS" signature="springTestContextAfterTestMethod(java.lang.reflect.Method)[pri:0, instance:testSelenium.testStaffs@731f8236]" name="springTestContextAfterTestMethod" is-config="true" duration-ms="0" started-at="2019-03-04T12:28:02Z" finished-at="2019-03-04T12:28:02Z">
          <params>
            <param index="0">
              <value>
                <![CDATA[public void testSelenium.testStaffs.addStaffs_23()]]>
              </value>
            </param>
          </params>
          <reporter-output>
          </reporter-output>
        </test-method> <!-- springTestContextAfterTestMethod -->
        <test-method status="PASS" signature="haha()[pri:0, instance:testSelenium.testStaffs@731f8236]" name="haha" is-config="true" duration-ms="144" started-at="2019-03-04T12:28:02Z" finished-at="2019-03-04T12:28:02Z">
          <reporter-output>
          </reporter-output>
        </test-method> <!-- haha -->
        <test-method status="PASS" signature="springTestContextBeforeTestMethod(java.lang.reflect.Method)[pri:0, instance:testSelenium.testStaffs@731f8236]" name="springTestContextBeforeTestMethod" is-config="true" duration-ms="0" started-at="2019-03-04T12:28:02Z" finished-at="2019-03-04T12:28:02Z">
          <params>
            <param index="0">
              <value>
                <![CDATA[public void testSelenium.testStaffs.addStaffs_24()]]>
              </value>
            </param>
          </params>
          <reporter-output>
          </reporter-output>
        </test-method> <!-- springTestContextBeforeTestMethod -->
        <test-method status="PASS" signature="addStaffs_24()[pri:24, instance:testSelenium.testStaffs@731f8236]" name="addStaffs_24" duration-ms="1800" started-at="2019-03-04T12:28:02Z" finished-at="2019-03-04T12:28:04Z">
          <reporter-output>
          </reporter-output>
        </test-method> <!-- addStaffs_24 -->
        <test-method status="PASS" signature="clear()[pri:0, instance:testSelenium.testStaffs@731f8236]" name="clear" is-config="true" duration-ms="135" started-at="2019-03-04T12:28:04Z" finished-at="2019-03-04T12:28:04Z">
          <reporter-output>
          </reporter-output>
        </test-method> <!-- clear -->
        <test-method status="PASS" signature="springTestContextAfterTestMethod(java.lang.reflect.Method)[pri:0, instance:testSelenium.testStaffs@731f8236]" name="springTestContextAfterTestMethod" is-config="true" duration-ms="1" started-at="2019-03-04T12:28:04Z" finished-at="2019-03-04T12:28:04Z">
          <params>
            <param index="0">
              <value>
                <![CDATA[public void testSelenium.testStaffs.addStaffs_24()]]>
              </value>
            </param>
          </params>
          <reporter-output>
          </reporter-output>
        </test-method> <!-- springTestContextAfterTestMethod -->
        <test-method status="PASS" signature="haha()[pri:0, instance:testSelenium.testStaffs@731f8236]" name="haha" is-config="true" duration-ms="147" started-at="2019-03-04T12:28:04Z" finished-at="2019-03-04T12:28:04Z">
          <reporter-output>
          </reporter-output>
        </test-method> <!-- haha -->
        <test-method status="PASS" signature="springTestContextBeforeTestMethod(java.lang.reflect.Method)[pri:0, instance:testSelenium.testStaffs@731f8236]" name="springTestContextBeforeTestMethod" is-config="true" duration-ms="0" started-at="2019-03-04T12:28:04Z" finished-at="2019-03-04T12:28:04Z">
          <params>
            <param index="0">
              <value>
                <![CDATA[public void testSelenium.testStaffs.addStaffs_25()]]>
              </value>
            </param>
          </params>
          <reporter-output>
          </reporter-output>
        </test-method> <!-- springTestContextBeforeTestMethod -->
        <test-method status="PASS" signature="addStaffs_25()[pri:25, instance:testSelenium.testStaffs@731f8236]" name="addStaffs_25" duration-ms="1963" started-at="2019-03-04T12:28:04Z" finished-at="2019-03-04T12:28:06Z">
          <reporter-output>
          </reporter-output>
        </test-method> <!-- addStaffs_25 -->
        <test-method status="PASS" signature="clear()[pri:0, instance:testSelenium.testStaffs@731f8236]" name="clear" is-config="true" duration-ms="137" started-at="2019-03-04T12:28:06Z" finished-at="2019-03-04T12:28:06Z">
          <reporter-output>
          </reporter-output>
        </test-method> <!-- clear -->
        <test-method status="PASS" signature="springTestContextAfterTestMethod(java.lang.reflect.Method)[pri:0, instance:testSelenium.testStaffs@731f8236]" name="springTestContextAfterTestMethod" is-config="true" duration-ms="1" started-at="2019-03-04T12:28:06Z" finished-at="2019-03-04T12:28:06Z">
          <params>
            <param index="0">
              <value>
                <![CDATA[public void testSelenium.testStaffs.addStaffs_25()]]>
              </value>
            </param>
          </params>
          <reporter-output>
          </reporter-output>
        </test-method> <!-- springTestContextAfterTestMethod -->
        <test-method status="PASS" signature="springTestContextBeforeTestMethod(java.lang.reflect.Method)[pri:0, instance:testSelenium.testStaffs@731f8236]" name="springTestContextBeforeTestMethod" is-config="true" duration-ms="2" started-at="2019-03-04T12:28:06Z" finished-at="2019-03-04T12:28:06Z">
          <params>
            <param index="0">
              <value>
                <![CDATA[public void testSelenium.testStaffs.addStaffs_26()]]>
              </value>
            </param>
          </params>
          <reporter-output>
          </reporter-output>
        </test-method> <!-- springTestContextBeforeTestMethod -->
        <test-method status="PASS" signature="haha()[pri:0, instance:testSelenium.testStaffs@731f8236]" name="haha" is-config="true" duration-ms="163" started-at="2019-03-04T12:28:06Z" finished-at="2019-03-04T12:28:07Z">
          <reporter-output>
          </reporter-output>
        </test-method> <!-- haha -->
        <test-method status="PASS" signature="addStaffs_26()[pri:26, instance:testSelenium.testStaffs@731f8236]" name="addStaffs_26" duration-ms="1930" started-at="2019-03-04T12:28:07Z" finished-at="2019-03-04T12:28:08Z">
          <reporter-output>
          </reporter-output>
        </test-method> <!-- addStaffs_26 -->
        <test-method status="PASS" signature="clear()[pri:0, instance:testSelenium.testStaffs@731f8236]" name="clear" is-config="true" duration-ms="246" started-at="2019-03-04T12:28:08Z" finished-at="2019-03-04T12:28:09Z">
          <reporter-output>
          </reporter-output>
        </test-method> <!-- clear -->
        <test-method status="PASS" signature="springTestContextAfterTestMethod(java.lang.reflect.Method)[pri:0, instance:testSelenium.testStaffs@731f8236]" name="springTestContextAfterTestMethod" is-config="true" duration-ms="1" started-at="2019-03-04T12:28:09Z" finished-at="2019-03-04T12:28:09Z">
          <params>
            <param index="0">
              <value>
                <![CDATA[public void testSelenium.testStaffs.addStaffs_26()]]>
              </value>
            </param>
          </params>
          <reporter-output>
          </reporter-output>
        </test-method> <!-- springTestContextAfterTestMethod -->
        <test-method status="PASS" signature="haha()[pri:0, instance:testSelenium.testStaffs@731f8236]" name="haha" is-config="true" duration-ms="166" started-at="2019-03-04T12:28:09Z" finished-at="2019-03-04T12:28:09Z">
          <reporter-output>
          </reporter-output>
        </test-method> <!-- haha -->
        <test-method status="PASS" signature="springTestContextBeforeTestMethod(java.lang.reflect.Method)[pri:0, instance:testSelenium.testStaffs@731f8236]" name="springTestContextBeforeTestMethod" is-config="true" duration-ms="0" started-at="2019-03-04T12:28:09Z" finished-at="2019-03-04T12:28:09Z">
          <params>
            <param index="0">
              <value>
                <![CDATA[public void testSelenium.testStaffs.addStaffs_27()]]>
              </value>
            </param>
          </params>
          <reporter-output>
          </reporter-output>
        </test-method> <!-- springTestContextBeforeTestMethod -->
        <test-method status="PASS" signature="addStaffs_27()[pri:27, instance:testSelenium.testStaffs@731f8236]" name="addStaffs_27" duration-ms="1882" started-at="2019-03-04T12:28:09Z" finished-at="2019-03-04T12:28:11Z">
          <reporter-output>
          </reporter-output>
        </test-method> <!-- addStaffs_27 -->
        <test-method status="PASS" signature="clear()[pri:0, instance:testSelenium.testStaffs@731f8236]" name="clear" is-config="true" duration-ms="150" started-at="2019-03-04T12:28:11Z" finished-at="2019-03-04T12:28:11Z">
          <reporter-output>
          </reporter-output>
        </test-method> <!-- clear -->
        <test-method status="PASS" signature="springTestContextAfterTestMethod(java.lang.reflect.Method)[pri:0, instance:testSelenium.testStaffs@731f8236]" name="springTestContextAfterTestMethod" is-config="true" duration-ms="1" started-at="2019-03-04T12:28:11Z" finished-at="2019-03-04T12:28:11Z">
          <params>
            <param index="0">
              <value>
                <![CDATA[public void testSelenium.testStaffs.addStaffs_27()]]>
              </value>
            </param>
          </params>
          <reporter-output>
          </reporter-output>
        </test-method> <!-- springTestContextAfterTestMethod -->
        <test-method status="PASS" signature="springTestContextBeforeTestMethod(java.lang.reflect.Method)[pri:0, instance:testSelenium.testStaffs@731f8236]" name="springTestContextBeforeTestMethod" is-config="true" duration-ms="0" started-at="2019-03-04T12:28:11Z" finished-at="2019-03-04T12:28:11Z">
          <params>
            <param index="0">
              <value>
                <![CDATA[public void testSelenium.testStaffs.addStaffs_28()]]>
              </value>
            </param>
          </params>
          <reporter-output>
          </reporter-output>
        </test-method> <!-- springTestContextBeforeTestMethod -->
        <test-method status="PASS" signature="haha()[pri:0, instance:testSelenium.testStaffs@731f8236]" name="haha" is-config="true" duration-ms="176" started-at="2019-03-04T12:28:11Z" finished-at="2019-03-04T12:28:11Z">
          <reporter-output>
          </reporter-output>
        </test-method> <!-- haha -->
        <test-method status="PASS" signature="addStaffs_28()[pri:28, instance:testSelenium.testStaffs@731f8236]" name="addStaffs_28" duration-ms="1668" started-at="2019-03-04T12:28:11Z" finished-at="2019-03-04T12:28:13Z">
          <reporter-output>
          </reporter-output>
        </test-method> <!-- addStaffs_28 -->
        <test-method status="PASS" signature="clear()[pri:0, instance:testSelenium.testStaffs@731f8236]" name="clear" is-config="true" duration-ms="145" started-at="2019-03-04T12:28:13Z" finished-at="2019-03-04T12:28:13Z">
          <reporter-output>
          </reporter-output>
        </test-method> <!-- clear -->
        <test-method status="PASS" signature="springTestContextAfterTestMethod(java.lang.reflect.Method)[pri:0, instance:testSelenium.testStaffs@731f8236]" name="springTestContextAfterTestMethod" is-config="true" duration-ms="0" started-at="2019-03-04T12:28:13Z" finished-at="2019-03-04T12:28:13Z">
          <params>
            <param index="0">
              <value>
                <![CDATA[public void testSelenium.testStaffs.addStaffs_28()]]>
              </value>
            </param>
          </params>
          <reporter-output>
          </reporter-output>
        </test-method> <!-- springTestContextAfterTestMethod -->
        <test-method status="PASS" signature="springTestContextBeforeTestMethod(java.lang.reflect.Method)[pri:0, instance:testSelenium.testStaffs@731f8236]" name="springTestContextBeforeTestMethod" is-config="true" duration-ms="2" started-at="2019-03-04T12:28:13Z" finished-at="2019-03-04T12:28:13Z">
          <params>
            <param index="0">
              <value>
                <![CDATA[public void testSelenium.testStaffs.addStaffs_29()]]>
              </value>
            </param>
          </params>
          <reporter-output>
          </reporter-output>
        </test-method> <!-- springTestContextBeforeTestMethod -->
        <test-method status="PASS" signature="haha()[pri:0, instance:testSelenium.testStaffs@731f8236]" name="haha" is-config="true" duration-ms="102" started-at="2019-03-04T12:28:13Z" finished-at="2019-03-04T12:28:13Z">
          <reporter-output>
          </reporter-output>
        </test-method> <!-- haha -->
        <test-method status="PASS" signature="addStaffs_29()[pri:29, instance:testSelenium.testStaffs@731f8236]" name="addStaffs_29" duration-ms="1741" started-at="2019-03-04T12:28:13Z" finished-at="2019-03-04T12:28:15Z">
          <reporter-output>
          </reporter-output>
        </test-method> <!-- addStaffs_29 -->
        <test-method status="PASS" signature="clear()[pri:0, instance:testSelenium.testStaffs@731f8236]" name="clear" is-config="true" duration-ms="130" started-at="2019-03-04T12:28:15Z" finished-at="2019-03-04T12:28:15Z">
          <reporter-output>
          </reporter-output>
        </test-method> <!-- clear -->
        <test-method status="PASS" signature="springTestContextAfterTestMethod(java.lang.reflect.Method)[pri:0, instance:testSelenium.testStaffs@731f8236]" name="springTestContextAfterTestMethod" is-config="true" duration-ms="0" started-at="2019-03-04T12:28:15Z" finished-at="2019-03-04T12:28:15Z">
          <params>
            <param index="0">
              <value>
                <![CDATA[public void testSelenium.testStaffs.addStaffs_29()]]>
              </value>
            </param>
          </params>
          <reporter-output>
          </reporter-output>
        </test-method> <!-- springTestContextAfterTestMethod -->
        <test-method status="PASS" signature="springTestContextBeforeTestMethod(java.lang.reflect.Method)[pri:0, instance:testSelenium.testStaffs@731f8236]" name="springTestContextBeforeTestMethod" is-config="true" duration-ms="0" started-at="2019-03-04T12:28:15Z" finished-at="2019-03-04T12:28:15Z">
          <params>
            <param index="0">
              <value>
                <![CDATA[public void testSelenium.testStaffs.addStaffs_30()]]>
              </value>
            </param>
          </params>
          <reporter-output>
          </reporter-output>
        </test-method> <!-- springTestContextBeforeTestMethod -->
        <test-method status="PASS" signature="haha()[pri:0, instance:testSelenium.testStaffs@731f8236]" name="haha" is-config="true" duration-ms="114" started-at="2019-03-04T12:28:15Z" finished-at="2019-03-04T12:28:15Z">
          <reporter-output>
          </reporter-output>
        </test-method> <!-- haha -->
        <test-method status="PASS" signature="addStaffs_30()[pri:30, instance:testSelenium.testStaffs@731f8236]" name="addStaffs_30" duration-ms="1594" started-at="2019-03-04T12:28:15Z" finished-at="2019-03-04T12:28:17Z">
          <reporter-output>
          </reporter-output>
        </test-method> <!-- addStaffs_30 -->
        <test-method status="PASS" signature="clear()[pri:0, instance:testSelenium.testStaffs@731f8236]" name="clear" is-config="true" duration-ms="198" started-at="2019-03-04T12:28:17Z" finished-at="2019-03-04T12:28:17Z">
          <reporter-output>
          </reporter-output>
        </test-method> <!-- clear -->
        <test-method status="PASS" signature="springTestContextAfterTestMethod(java.lang.reflect.Method)[pri:0, instance:testSelenium.testStaffs@731f8236]" name="springTestContextAfterTestMethod" is-config="true" duration-ms="1" started-at="2019-03-04T12:28:17Z" finished-at="2019-03-04T12:28:17Z">
          <params>
            <param index="0">
              <value>
                <![CDATA[public void testSelenium.testStaffs.addStaffs_30()]]>
              </value>
            </param>
          </params>
          <reporter-output>
          </reporter-output>
        </test-method> <!-- springTestContextAfterTestMethod -->
        <test-method status="PASS" signature="springTestContextBeforeTestMethod(java.lang.reflect.Method)[pri:0, instance:testSelenium.testStaffs@731f8236]" name="springTestContextBeforeTestMethod" is-config="true" duration-ms="0" started-at="2019-03-04T12:28:17Z" finished-at="2019-03-04T12:28:17Z">
          <params>
            <param index="0">
              <value>
                <![CDATA[public void testSelenium.testStaffs.addStaffs_31()]]>
              </value>
            </param>
          </params>
          <reporter-output>
          </reporter-output>
        </test-method> <!-- springTestContextBeforeTestMethod -->
        <test-method status="PASS" signature="haha()[pri:0, instance:testSelenium.testStaffs@731f8236]" name="haha" is-config="true" duration-ms="152" started-at="2019-03-04T12:28:17Z" finished-at="2019-03-04T12:28:17Z">
          <reporter-output>
          </reporter-output>
        </test-method> <!-- haha -->
        <test-method status="PASS" signature="addStaffs_31()[pri:31, instance:testSelenium.testStaffs@731f8236]" name="addStaffs_31" duration-ms="1930" started-at="2019-03-04T12:28:17Z" finished-at="2019-03-04T12:28:19Z">
          <reporter-output>
          </reporter-output>
        </test-method> <!-- addStaffs_31 -->
        <test-method status="PASS" signature="clear()[pri:0, instance:testSelenium.testStaffs@731f8236]" name="clear" is-config="true" duration-ms="135" started-at="2019-03-04T12:28:19Z" finished-at="2019-03-04T12:28:19Z">
          <reporter-output>
          </reporter-output>
        </test-method> <!-- clear -->
        <test-method status="PASS" signature="springTestContextAfterTestMethod(java.lang.reflect.Method)[pri:0, instance:testSelenium.testStaffs@731f8236]" name="springTestContextAfterTestMethod" is-config="true" duration-ms="1" started-at="2019-03-04T12:28:19Z" finished-at="2019-03-04T12:28:19Z">
          <params>
            <param index="0">
              <value>
                <![CDATA[public void testSelenium.testStaffs.addStaffs_31()]]>
              </value>
            </param>
          </params>
          <reporter-output>
          </reporter-output>
        </test-method> <!-- springTestContextAfterTestMethod -->
        <test-method status="PASS" signature="haha()[pri:0, instance:testSelenium.testStaffs@731f8236]" name="haha" is-config="true" duration-ms="153" started-at="2019-03-04T12:28:19Z" finished-at="2019-03-04T12:28:19Z">
          <reporter-output>
          </reporter-output>
        </test-method> <!-- haha -->
        <test-method status="PASS" signature="springTestContextBeforeTestMethod(java.lang.reflect.Method)[pri:0, instance:testSelenium.testStaffs@731f8236]" name="springTestContextBeforeTestMethod" is-config="true" duration-ms="0" started-at="2019-03-04T12:28:19Z" finished-at="2019-03-04T12:28:19Z">
          <params>
            <param index="0">
              <value>
                <![CDATA[public void testSelenium.testStaffs.addStaffs_32()]]>
              </value>
            </param>
          </params>
          <reporter-output>
          </reporter-output>
        </test-method> <!-- springTestContextBeforeTestMethod -->
        <test-method status="PASS" signature="addStaffs_32()[pri:32, instance:testSelenium.testStaffs@731f8236]" name="addStaffs_32" duration-ms="1559" started-at="2019-03-04T12:28:19Z" finished-at="2019-03-04T12:28:21Z">
          <reporter-output>
          </reporter-output>
        </test-method> <!-- addStaffs_32 -->
        <test-method status="PASS" signature="clear()[pri:0, instance:testSelenium.testStaffs@731f8236]" name="clear" is-config="true" duration-ms="156" started-at="2019-03-04T12:28:21Z" finished-at="2019-03-04T12:28:21Z">
          <reporter-output>
          </reporter-output>
        </test-method> <!-- clear -->
        <test-method status="PASS" signature="springTestContextAfterTestMethod(java.lang.reflect.Method)[pri:0, instance:testSelenium.testStaffs@731f8236]" name="springTestContextAfterTestMethod" is-config="true" duration-ms="1" started-at="2019-03-04T12:28:21Z" finished-at="2019-03-04T12:28:21Z">
          <params>
            <param index="0">
              <value>
                <![CDATA[public void testSelenium.testStaffs.addStaffs_32()]]>
              </value>
            </param>
          </params>
          <reporter-output>
          </reporter-output>
        </test-method> <!-- springTestContextAfterTestMethod -->
        <test-method status="PASS" signature="springTestContextBeforeTestMethod(java.lang.reflect.Method)[pri:0, instance:testSelenium.testStaffs@731f8236]" name="springTestContextBeforeTestMethod" is-config="true" duration-ms="1" started-at="2019-03-04T12:28:21Z" finished-at="2019-03-04T12:28:21Z">
          <params>
            <param index="0">
              <value>
                <![CDATA[public void testSelenium.testStaffs.addStaffs_33()]]>
              </value>
            </param>
          </params>
          <reporter-output>
          </reporter-output>
        </test-method> <!-- springTestContextBeforeTestMethod -->
        <test-method status="PASS" signature="haha()[pri:0, instance:testSelenium.testStaffs@731f8236]" name="haha" is-config="true" duration-ms="150" started-at="2019-03-04T12:28:21Z" finished-at="2019-03-04T12:28:21Z">
          <reporter-output>
          </reporter-output>
        </test-method> <!-- haha -->
        <test-method status="PASS" signature="addStaffs_33()[pri:33, instance:testSelenium.testStaffs@731f8236]" name="addStaffs_33" duration-ms="2031" started-at="2019-03-04T12:28:21Z" finished-at="2019-03-04T12:28:23Z">
          <reporter-output>
          </reporter-output>
        </test-method> <!-- addStaffs_33 -->
        <test-method status="PASS" signature="clear()[pri:0, instance:testSelenium.testStaffs@731f8236]" name="clear" is-config="true" duration-ms="146" started-at="2019-03-04T12:28:23Z" finished-at="2019-03-04T12:28:23Z">
          <reporter-output>
          </reporter-output>
        </test-method> <!-- clear -->
        <test-method status="PASS" signature="springTestContextAfterTestMethod(java.lang.reflect.Method)[pri:0, instance:testSelenium.testStaffs@731f8236]" name="springTestContextAfterTestMethod" is-config="true" duration-ms="1" started-at="2019-03-04T12:28:23Z" finished-at="2019-03-04T12:28:23Z">
          <params>
            <param index="0">
              <value>
                <![CDATA[public void testSelenium.testStaffs.addStaffs_33()]]>
              </value>
            </param>
          </params>
          <reporter-output>
          </reporter-output>
        </test-method> <!-- springTestContextAfterTestMethod -->
        <test-method status="PASS" signature="haha()[pri:0, instance:testSelenium.testStaffs@731f8236]" name="haha" is-config="true" duration-ms="132" started-at="2019-03-04T12:28:23Z" finished-at="2019-03-04T12:28:23Z">
          <reporter-output>
          </reporter-output>
        </test-method> <!-- haha -->
        <test-method status="PASS" signature="springTestContextBeforeTestMethod(java.lang.reflect.Method)[pri:0, instance:testSelenium.testStaffs@731f8236]" name="springTestContextBeforeTestMethod" is-config="true" duration-ms="0" started-at="2019-03-04T12:28:23Z" finished-at="2019-03-04T12:28:23Z">
          <params>
            <param index="0">
              <value>
                <![CDATA[public void testSelenium.testStaffs.addStaffs_34()]]>
              </value>
            </param>
          </params>
          <reporter-output>
          </reporter-output>
        </test-method> <!-- springTestContextBeforeTestMethod -->
        <test-method status="PASS" signature="addStaffs_34()[pri:34, instance:testSelenium.testStaffs@731f8236]" name="addStaffs_34" duration-ms="2024" started-at="2019-03-04T12:28:23Z" finished-at="2019-03-04T12:28:25Z">
          <reporter-output>
          </reporter-output>
        </test-method> <!-- addStaffs_34 -->
        <test-method status="PASS" signature="clear()[pri:0, instance:testSelenium.testStaffs@731f8236]" name="clear" is-config="true" duration-ms="164" started-at="2019-03-04T12:28:25Z" finished-at="2019-03-04T12:28:26Z">
          <reporter-output>
          </reporter-output>
        </test-method> <!-- clear -->
        <test-method status="PASS" signature="springTestContextAfterTestMethod(java.lang.reflect.Method)[pri:0, instance:testSelenium.testStaffs@731f8236]" name="springTestContextAfterTestMethod" is-config="true" duration-ms="0" started-at="2019-03-04T12:28:26Z" finished-at="2019-03-04T12:28:26Z">
          <params>
            <param index="0">
              <value>
                <![CDATA[public void testSelenium.testStaffs.addStaffs_34()]]>
              </value>
            </param>
          </params>
          <reporter-output>
          </reporter-output>
        </test-method> <!-- springTestContextAfterTestMethod -->
[...]
          <reporter-output>
          </reporter-output>
        </test-method> <!-- clear -->
        <test-method status="PASS" signature="springTestContextAfterTestMethod(java.lang.reflect.Method)[pri:0, instance:testSelenium.testDeparts@255b53dc]" name="springTestContextAfterTestMethod" is-config="true" duration-ms="1" started-at="2019-03-04T12:29:16Z" finished-at="2019-03-04T12:29:16Z">
          <params>
            <param index="0">
              <value>
                <![CDATA[public void testSelenium.testDeparts.addDeparts_05()]]>
              </value>
            </param>
          </params>
          <reporter-output>
          </reporter-output>
        </test-method> <!-- springTestContextAfterTestMethod -->
        <test-method status="PASS" signature="springTestContextBeforeTestMethod(java.lang.reflect.Method)[pri:0, instance:testSelenium.testDeparts@255b53dc]" name="springTestContextBeforeTestMethod" is-config="true" duration-ms="0" started-at="2019-03-04T12:29:16Z" finished-at="2019-03-04T12:29:16Z">
          <params>
            <param index="0">
              <value>
                <![CDATA[public void testSelenium.testDeparts.addDeparts_06()]]>
              </value>
            </param>
          </params>
          <reporter-output>
          </reporter-output>
        </test-method> <!-- springTestContextBeforeTestMethod -->
        <test-method status="PASS" signature="haha()[pri:0, instance:testSelenium.testDeparts@255b53dc]" name="haha" is-config="true" duration-ms="81" started-at="2019-03-04T12:29:16Z" finished-at="2019-03-04T12:29:16Z">
          <reporter-output>
          </reporter-output>
        </test-method> <!-- haha -->
        <test-method status="PASS" signature="addDeparts_06()[pri:56, instance:testSelenium.testDeparts@255b53dc]" name="addDeparts_06" duration-ms="1337" started-at="2019-03-04T12:29:16Z" finished-at="2019-03-04T12:29:18Z">
          <reporter-output>
          </reporter-output>
        </test-method> <!-- addDeparts_06 -->
        <test-method status="PASS" signature="clear()[pri:0, instance:testSelenium.testDeparts@255b53dc]" name="clear" is-config="true" duration-ms="221" started-at="2019-03-04T12:29:18Z" finished-at="2019-03-04T12:29:18Z">
          <reporter-output>
          </reporter-output>
        </test-method> <!-- clear -->
        <test-method status="PASS" signature="springTestContextAfterTestMethod(java.lang.reflect.Method)[pri:0, instance:testSelenium.testDeparts@255b53dc]" name="springTestContextAfterTestMethod" is-config="true" duration-ms="1" started-at="2019-03-04T12:29:18Z" finished-at="2019-03-04T12:29:18Z">
          <params>
            <param index="0">
              <value>
                <![CDATA[public void testSelenium.testDeparts.addDeparts_06()]]>
              </value>
            </param>
          </params>
          <reporter-output>
          </reporter-output>
        </test-method> <!-- springTestContextAfterTestMethod -->
        <test-method status="PASS" signature="haha()[pri:0, instance:testSelenium.testDeparts@255b53dc]" name="haha" is-config="true" duration-ms="110" started-at="2019-03-04T12:29:18Z" finished-at="2019-03-04T12:29:18Z">
          <reporter-output>
          </reporter-output>
        </test-method> <!-- haha -->
        <test-method status="PASS" signature="springTestContextBeforeTestMethod(java.lang.reflect.Method)[pri:0, instance:testSelenium.testDeparts@255b53dc]" name="springTestContextBeforeTestMethod" is-config="true" duration-ms="0" started-at="2019-03-04T12:29:18Z" finished-at="2019-03-04T12:29:18Z">
          <params>
            <param index="0">
              <value>
                <![CDATA[public void testSelenium.testDeparts.addDeparts_07()]]>
              </value>
            </param>
          </params>
          <reporter-output>
          </reporter-output>
        </test-method> <!-- springTestContextBeforeTestMethod -->
        <test-method status="PASS" signature="addDeparts_07()[pri:57, instance:testSelenium.testDeparts@255b53dc]" name="addDeparts_07" duration-ms="1400" started-at="2019-03-04T12:29:18Z" finished-at="2019-03-04T12:29:19Z">
          <reporter-output>
          </reporter-output>
        </test-method> <!-- addDeparts_07 -->
        <test-method status="PASS" signature="clear()[pri:0, instance:testSelenium.testDeparts@255b53dc]" name="clear" is-config="true" duration-ms="157" started-at="2019-03-04T12:29:19Z" finished-at="2019-03-04T12:29:20Z">
          <reporter-output>
          </reporter-output>
        </test-method> <!-- clear -->
        <test-method status="PASS" signature="springTestContextAfterTestMethod(java.lang.reflect.Method)[pri:0, instance:testSelenium.testDeparts@255b53dc]" name="springTestContextAfterTestMethod" is-config="true" duration-ms="0" started-at="2019-03-04T12:29:20Z" finished-at="2019-03-04T12:29:20Z">
          <params>
            <param index="0">
              <value>
                <![CDATA[public void testSelenium.testDeparts.addDeparts_07()]]>
              </value>
            </param>
          </params>
          <reporter-output>
          </reporter-output>
        </test-method> <!-- springTestContextAfterTestMethod -->
        <test-method status="PASS" signature="springTestContextBeforeTestMethod(java.lang.reflect.Method)[pri:0, instance:testSelenium.testDeparts@255b53dc]" name="springTestContextBeforeTestMethod" is-config="true" duration-ms="0" started-at="2019-03-04T12:29:20Z" finished-at="2019-03-04T12:29:20Z">
          <params>
            <param index="0">
              <value>
                <![CDATA[public void testSelenium.testDeparts.addDeparts_08()]]>
              </value>
            </param>
          </params>
          <reporter-output>
          </reporter-output>
        </test-method> <!-- springTestContextBeforeTestMethod -->
        <test-method status="PASS" signature="haha()[pri:0, instance:testSelenium.testDeparts@255b53dc]" name="haha" is-config="true" duration-ms="90" started-at="2019-03-04T12:29:20Z" finished-at="2019-03-04T12:29:20Z">
          <reporter-output>
          </reporter-output>
        </test-method> <!-- haha -->
        <test-method status="PASS" signature="addDeparts_08()[pri:58, instance:testSelenium.testDeparts@255b53dc]" name="addDeparts_08" duration-ms="1405" started-at="2019-03-04T12:29:20Z" finished-at="2019-03-04T12:29:21Z">
          <reporter-output>
          </reporter-output>
        </test-method> <!-- addDeparts_08 -->
        <test-method status="PASS" signature="clear()[pri:0, instance:testSelenium.testDeparts@255b53dc]" name="clear" is-config="true" duration-ms="148" started-at="2019-03-04T12:29:21Z" finished-at="2019-03-04T12:29:21Z">
          <reporter-output>
          </reporter-output>
        </test-method> <!-- clear -->
        <test-method status="PASS" signature="springTestContextAfterTestMethod(java.lang.reflect.Method)[pri:0, instance:testSelenium.testDeparts@255b53dc]" name="springTestContextAfterTestMethod" is-config="true" duration-ms="1" started-at="2019-03-04T12:29:21Z" finished-at="2019-03-04T12:29:21Z">
          <params>
            <param index="0">
              <value>
                <![CDATA[public void testSelenium.testDeparts.addDeparts_08()]]>
              </value>
            </param>
          </params>
          <reporter-output>
          </reporter-output>
        </test-method> <!-- springTestContextAfterTestMethod -->
        <test-method status="PASS" signature="haha()[pri:0, instance:testSelenium.testDeparts@255b53dc]" name="haha" is-config="true" duration-ms="104" started-at="2019-03-04T12:29:21Z" finished-at="2019-03-04T12:29:21Z">
          <reporter-output>
          </reporter-output>
        </test-method> <!-- haha -->
        <test-method status="PASS" signature="springTestContextBeforeTestMethod(java.lang.reflect.Method)[pri:0, instance:testSelenium.testDeparts@255b53dc]" name="springTestContextBeforeTestMethod" is-config="true" duration-ms="0" started-at="2019-03-04T12:29:21Z" finished-at="2019-03-04T12:29:21Z">
          <params>
            <param index="0">
              <value>
                <![CDATA[public void testSelenium.testDeparts.addDeparts_09()]]>
              </value>
            </param>
          </params>
          <reporter-output>
          </reporter-output>
        </test-method> <!-- springTestContextBeforeTestMethod -->
        <test-method status="PASS" signature="addDeparts_09()[pri:59, instance:testSelenium.testDeparts@255b53dc]" name="addDeparts_09" duration-ms="2450" started-at="2019-03-04T12:29:21Z" finished-at="2019-03-04T12:29:24Z">
          <reporter-output>
          </reporter-output>
        </test-method> <!-- addDeparts_09 -->
        <test-method status="PASS" signature="clear()[pri:0, instance:testSelenium.testDeparts@255b53dc]" name="clear" is-config="true" duration-ms="227" started-at="2019-03-04T12:29:24Z" finished-at="2019-03-04T12:29:24Z">
          <reporter-output>
          </reporter-output>
        </test-method> <!-- clear -->
        <test-method status="PASS" signature="springTestContextAfterTestMethod(java.lang.reflect.Method)[pri:0, instance:testSelenium.testDeparts@255b53dc]" name="springTestContextAfterTestMethod" is-config="true" duration-ms="1" started-at="2019-03-04T12:29:24Z" finished-at="2019-03-04T12:29:24Z">
          <params>
            <param index="0">
              <value>
                <![CDATA[public void testSelenium.testDeparts.addDeparts_09()]]>
              </value>
            </param>
          </params>
          <reporter-output>
          </reporter-output>
        </test-method> <!-- springTestContextAfterTestMethod -->
        <test-method status="PASS" signature="haha()[pri:0, instance:testSelenium.testDeparts@255b53dc]" name="haha" is-config="true" duration-ms="133" started-at="2019-03-04T12:29:24Z" finished-at="2019-03-04T12:29:24Z">
          <reporter-output>
          </reporter-output>
        </test-method> <!-- haha -->
        <test-method status="PASS" signature="springTestContextBeforeTestMethod(java.lang.reflect.Method)[pri:0, instance:testSelenium.testDeparts@255b53dc]" name="springTestContextBeforeTestMethod" is-config="true" duration-ms="0" started-at="2019-03-04T12:29:24Z" finished-at="2019-03-04T12:29:24Z">
          <params>
            <param index="0">
              <value>
                <![CDATA[public void testSelenium.testDeparts.addDeparts_10()]]>
              </value>
            </param>
          </params>
          <reporter-output>
          </reporter-output>
        </test-method> <!-- springTestContextBeforeTestMethod -->
        <test-method status="PASS" signature="addDeparts_10()[pri:60, instance:testSelenium.testDeparts@255b53dc]" name="addDeparts_10" duration-ms="1937" started-at="2019-03-04T12:29:24Z" finished-at="2019-03-04T12:29:26Z">
          <reporter-output>
          </reporter-output>
        </test-method> <!-- addDeparts_10 -->
        <test-method status="PASS" signature="clear()[pri:0, instance:testSelenium.testDeparts@255b53dc]" name="clear" is-config="true" duration-ms="122" started-at="2019-03-04T12:29:26Z" finished-at="2019-03-04T12:29:26Z">
          <reporter-output>
          </reporter-output>
        </test-method> <!-- clear -->
        <test-method status="PASS" signature="springTestContextBeforeTestMethod(java.lang.reflect.Method)[pri:0, instance:testSelenium.testDeparts@255b53dc]" name="springTestContextBeforeTestMethod" is-config="true" duration-ms="0" started-at="2019-03-04T12:29:26Z" finished-at="2019-03-04T12:29:26Z">
          <params>
            <param index="0">
              <value>
                <![CDATA[public void testSelenium.testDeparts.addDeparts_11()]]>
              </value>
            </param>
          </params>
          <reporter-output>
          </reporter-output>
        </test-method> <!-- springTestContextBeforeTestMethod -->
        <test-method status="PASS" signature="springTestContextAfterTestMethod(java.lang.reflect.Method)[pri:0, instance:testSelenium.testDeparts@255b53dc]" name="springTestContextAfterTestMethod" is-config="true" duration-ms="0" started-at="2019-03-04T12:29:26Z" finished-at="2019-03-04T12:29:26Z">
          <params>
            <param index="0">
              <value>
                <![CDATA[public void testSelenium.testDeparts.addDeparts_10()]]>
              </value>
            </param>
          </params>
          <reporter-output>
          </reporter-output>
        </test-method> <!-- springTestContextAfterTestMethod -->
        <test-method status="PASS" signature="haha()[pri:0, instance:testSelenium.testDeparts@255b53dc]" name="haha" is-config="true" duration-ms="63" started-at="2019-03-04T12:29:26Z" finished-at="2019-03-04T12:29:26Z">
          <reporter-output>
          </reporter-output>
        </test-method> <!-- haha -->
        <test-method status="PASS" signature="addDeparts_11()[pri:61, instance:testSelenium.testDeparts@255b53dc]" name="addDeparts_11" duration-ms="1950" started-at="2019-03-04T12:29:26Z" finished-at="2019-03-04T12:29:28Z">
          <reporter-output>
          </reporter-output>
        </test-method> <!-- addDeparts_11 -->
        <test-method status="PASS" signature="clear()[pri:0, instance:testSelenium.testDeparts@255b53dc]" name="clear" is-config="true" duration-ms="118" started-at="2019-03-04T12:29:28Z" finished-at="2019-03-04T12:29:28Z">
          <reporter-output>
          </reporter-output>
        </test-method> <!-- clear -->
        <test-method status="PASS" signature="springTestContextAfterTestMethod(java.lang.reflect.Method)[pri:0, instance:testSelenium.testDeparts@255b53dc]" name="springTestContextAfterTestMethod" is-config="true" duration-ms="0" started-at="2019-03-04T12:29:28Z" finished-at="2019-03-04T12:29:28Z">
          <params>
            <param index="0">
              <value>
                <![CDATA[public void testSelenium.testDeparts.addDeparts_11()]]>
              </value>
            </param>
          </params>
          <reporter-output>
          </reporter-output>
        </test-method> <!-- springTestContextAfterTestMethod -->
        <test-method status="PASS" signature="springTestContextBeforeTestMethod(java.lang.reflect.Method)[pri:0, instance:testSelenium.testDeparts@255b53dc]" name="springTestContextBeforeTestMethod" is-config="true" duration-ms="0" started-at="2019-03-04T12:29:28Z" finished-at="2019-03-04T12:29:28Z">
          <params>
            <param index="0">
              <value>
                <![CDATA[public void testSelenium.testDeparts.addDeparts_12()]]>
              </value>
            </param>
          </params>
          <reporter-output>
          </reporter-output>
        </test-method> <!-- springTestContextBeforeTestMethod -->
        <test-method status="PASS" signature="haha()[pri:0, instance:testSelenium.testDeparts@255b53dc]" name="haha" is-config="true" duration-ms="71" started-at="2019-03-04T12:29:28Z" finished-at="2019-03-04T12:29:28Z">
          <reporter-output>
          </reporter-output>
        </test-method> <!-- haha -->
        <test-method status="PASS" signature="addDeparts_12()[pri:62, instance:testSelenium.testDeparts@255b53dc]" name="addDeparts_12" duration-ms="1861" started-at="2019-03-04T12:29:28Z" finished-at="2019-03-04T12:29:30Z">
          <reporter-output>
          </reporter-output>
        </test-method> <!-- addDeparts_12 -->
        <test-method status="PASS" signature="clear()[pri:0, instance:testSelenium.testDeparts@255b53dc]" name="clear" is-config="true" duration-ms="133" started-at="2019-03-04T12:29:30Z" finished-at="2019-03-04T12:29:30Z">
          <reporter-output>
          </reporter-output>
        </test-method> <!-- clear -->
        <test-method status="PASS" signature="springTestContextAfterTestMethod(java.lang.reflect.Method)[pri:0, instance:testSelenium.testDeparts@255b53dc]" name="springTestContextAfterTestMethod" is-config="true" duration-ms="0" started-at="2019-03-04T12:29:30Z" finished-at="2019-03-04T12:29:30Z">
          <params>
            <param index="0">
              <value>
                <![CDATA[public void testSelenium.testDeparts.addDeparts_12()]]>
              </value>
            </param>
          </params>
          <reporter-output>
          </reporter-output>
        </test-method> <!-- springTestContextAfterTestMethod -->
        <test-method status="PASS" signature="haha()[pri:0, instance:testSelenium.testDeparts@255b53dc]" name="haha" is-config="true" duration-ms="94" started-at="2019-03-04T12:29:30Z" finished-at="2019-03-04T12:29:31Z">
          <reporter-output>
          </reporter-output>
        </test-method> <!-- haha -->
        <test-method status="PASS" signature="springTestContextBeforeTestMethod(java.lang.reflect.Method)[pri:0, instance:testSelenium.testDeparts@255b53dc]" name="springTestContextBeforeTestMethod" is-config="true" duration-ms="0" started-at="2019-03-04T12:29:30Z" finished-at="2019-03-04T12:29:30Z">
          <params>
            <param index="0">
              <value>
                <![CDATA[public void testSelenium.testDeparts.addDeparts_13()]]>
              </value>
            </param>
          </params>
          <reporter-output>
          </reporter-output>
        </test-method> <!-- springTestContextBeforeTestMethod -->
        <test-method status="PASS" signature="addDeparts_13()[pri:63, instance:testSelenium.testDeparts@255b53dc]" name="addDeparts_13" duration-ms="2165" started-at="2019-03-04T12:29:31Z" finished-at="2019-03-04T12:29:33Z">
          <reporter-output>
          </reporter-output>
        </test-method> <!-- addDeparts_13 -->
        <test-method status="PASS" signature="clear()[pri:0, instance:testSelenium.testDeparts@255b53dc]" name="clear" is-config="true" duration-ms="163" started-at="2019-03-04T12:29:33Z" finished-at="2019-03-04T12:29:33Z">
          <reporter-output>
          </reporter-output>
        </test-method> <!-- clear -->
        <test-method status="PASS" signature="springTestContextAfterTestClass()[pri:0, instance:testSelenium.testDeparts@255b53dc]" name="springTestContextAfterTestClass" is-config="true" duration-ms="0" started-at="2019-03-04T12:29:33Z" finished-at="2019-03-04T12:29:33Z">
          <reporter-output>
          </reporter-output>
        </test-method> <!-- springTestContextAfterTestClass -->
        <test-method status="PASS" signature="springTestContextAfterTestMethod(java.lang.reflect.Method)[pri:0, instance:testSelenium.testDeparts@255b53dc]" name="springTestContextAfterTestMethod" is-config="true" duration-ms="0" started-at="2019-03-04T12:29:33Z" finished-at="2019-03-04T12:29:33Z">
          <params>
            <param index="0">
              <value>
                <![CDATA[public void testSelenium.testDeparts.addDeparts_13()]]>
              </value>
            </param>
          </params>
          <reporter-output>
          </reporter-output>
        </test-method> <!-- springTestContextAfterTestMethod -->
        <test-method status="PASS" signature="close()[pri:0, instance:testSelenium.testDeparts@255b53dc]" name="close" is-config="true" duration-ms="55" started-at="2019-03-04T12:29:33Z" finished-at="2019-03-04T12:29:33Z">
          <reporter-output>
          </reporter-output>
        </test-method> <!-- close -->
        <test-method status="PASS" signature="close()[pri:0, instance:testSelenium.testStaffs@731f8236]" name="close" is-config="true" duration-ms="2363" started-at="2019-03-04T12:29:33Z" finished-at="2019-03-04T12:29:35Z">
          <reporter-output>
          </reporter-output>
        </test-method> <!-- close -->
      </class> <!-- testSelenium.testDeparts -->
    </test> <!-- Default test -->
  </suite> <!-- Default suite -->
</testng-results>
